This file contains any messages produced by compilers while
running configure, to aid debugging if configure makes a mistake.

It was created by configure, which was
generated by GNU Autoconf 2.69.  Invocation command line was

  $ ./configure --build=x86_64-linux-musl

## --------- ##
## Platform. ##
## --------- ##

hostname = f0467faaa002
uname -m = x86_64
uname -r = 4.9.60-linuxkit-aufs
uname -s = Linux
uname -v = #1 SMP Mon Nov 6 16:00:12 UTC 2017

/usr/bin/uname -p = unknown
/bin/uname -X     = unknown

/bin/arch              = unknown
/usr/bin/arch -k       = unknown
/usr/convex/getsysinfo = unknown
/usr/bin/hostinfo      = unknown
/bin/machine           = unknown
/usr/bin/oslevel       = unknown
/bin/universe          = unknown

PATH: /usr/local/sbin
PATH: /usr/local/bin
PATH: /usr/sbin
PATH: /usr/bin
PATH: /sbin
PATH: /bin


## ----------- ##
## Core tests. ##
## ----------- ##

configure:2298: checking for grep that handles long lines and -e
configure:2356: result: /bin/grep
configure:2361: checking for egrep
configure:2423: result: /bin/grep -E
configure:2428: checking for a sed that does not truncate output
configure:2482: result: /bin/sed
configure:2619: checking for cc
configure:2635: found /usr/bin/cc
configure:2646: result: cc
configure:2677: checking for C compiler version
configure:2686: cc --version >&5
cc (Alpine 5.3.0) 5.3.0
Copyright (C) 2015 Free Software Foundation, Inc.
This is free software; see the source for copying conditions.  There is NO
warranty; not even for MERCHANTABILITY or FITNESS FOR A PARTICULAR PURPOSE.

configure:2697: $? = 0
configure:2686: cc -v >&5
Using built-in specs.
COLLECT_GCC=cc
COLLECT_LTO_WRAPPER=/usr/libexec/gcc/x86_64-alpine-linux-musl/5.3.0/lto-wrapper
Target: x86_64-alpine-linux-musl
Configured with: /home/buildozer/aports/main/gcc/src/gcc-5.3.0/configure --prefix=/usr --mandir=/usr/share/man --infodir=/usr/share/info --build=x86_64-alpine-linux-musl --host=x86_64-alpine-linux-musl --target=x86_64-alpine-linux-musl --with-pkgversion='Alpine 5.3.0' --enable-checking=release --disable-fixed-point --disable-libstdcxx-pch --disable-multilib --disable-nls --disable-werror --disable-symvers --enable-__cxa_atexit --enable-esp --enable-cloog-backend --enable-languages=c,c++,objc,java,fortran,ada --disable-libssp --disable-libmudflap --disable-libsanitizer --enable-shared --enable-threads --enable-tls --with-system-zlib
Thread model: posix
gcc version 5.3.0 (Alpine 5.3.0) 
configure:2697: $? = 0
configure:2686: cc -V >&5
cc: error: unrecognized command line option '-V'
cc: fatal error: no input files
compilation terminated.
configure:2697: $? = 1
configure:2686: cc -qversion >&5
cc: error: unrecognized command line option '-qversion'
cc: fatal error: no input files
compilation terminated.
configure:2697: $? = 1
configure:2717: checking whether the C compiler works
configure:2739: cc -fstack-protector-strong -fpic -fpie -O2 -fstack-protector-strong -fpic -fpie -O2 -Wl,-O1 -Wl,--hash-style=both -pie conftest.c  >&5
configure:2743: $? = 0
configure:2791: result: yes
configure:2794: checking for C compiler default output file name
configure:2796: result: a.out
configure:2802: checking for suffix of executables
configure:2809: cc -o conftest -fstack-protector-strong -fpic -fpie -O2 -fstack-protector-strong -fpic -fpie -O2 -Wl,-O1 -Wl,--hash-style=both -pie conftest.c  >&5
configure:2813: $? = 0
configure:2835: result: 
configure:2857: checking whether we are cross compiling
configure:2865: cc -o conftest -fstack-protector-strong -fpic -fpie -O2 -fstack-protector-strong -fpic -fpie -O2 -Wl,-O1 -Wl,--hash-style=both -pie conftest.c  >&5
configure:2869: $? = 0
configure:2876: ./conftest
configure:2880: $? = 0
configure:2895: result: no
configure:2900: checking for suffix of object files
configure:2922: cc -c -fstack-protector-strong -fpic -fpie -O2 -fstack-protector-strong -fpic -fpie -O2 conftest.c >&5
configure:2926: $? = 0
configure:2947: result: o
configure:2951: checking whether we are using the GNU C compiler
configure:2970: cc -c -fstack-protector-strong -fpic -fpie -O2 -fstack-protector-strong -fpic -fpie -O2 conftest.c >&5
configure:2970: $? = 0
configure:2979: result: yes
configure:2988: checking whether cc accepts -g
configure:3008: cc -c -g -fstack-protector-strong -fpic -fpie -O2 conftest.c >&5
configure:3008: $? = 0
configure:3049: result: yes
configure:3066: checking for cc option to accept ISO C89
configure:3129: cc  -c -fstack-protector-strong -fpic -fpie -O2 -fstack-protector-strong -fpic -fpie -O2 conftest.c >&5
configure:3129: $? = 0
configure:3142: result: none needed
configure:3168: checking how to run the C preprocessor
configure:3199: cc -E -fstack-protector-strong -fpic -fpie -O2 conftest.c
configure:3199: $? = 0
configure:3213: cc -E -fstack-protector-strong -fpic -fpie -O2 conftest.c
conftest.c:9:28: fatal error: ac_nonexistent.h: No such file or directory
compilation terminated.
configure:3213: $? = 1
configure: failed program was:
| /* confdefs.h */
| #define PACKAGE_NAME ""
| #define PACKAGE_TARNAME ""
| #define PACKAGE_VERSION ""
| #define PACKAGE_STRING ""
| #define PACKAGE_BUGREPORT ""
| #define PACKAGE_URL ""
| /* end confdefs.h.  */
| #include <ac_nonexistent.h>
configure:3238: result: cc -E
configure:3258: cc -E -fstack-protector-strong -fpic -fpie -O2 conftest.c
configure:3258: $? = 0
configure:3272: cc -E -fstack-protector-strong -fpic -fpie -O2 conftest.c
conftest.c:9:28: fatal error: ac_nonexistent.h: No such file or directory
compilation terminated.
configure:3272: $? = 1
configure: failed program was:
| /* confdefs.h */
| #define PACKAGE_NAME ""
| #define PACKAGE_TARNAME ""
| #define PACKAGE_VERSION ""
| #define PACKAGE_STRING ""
| #define PACKAGE_BUGREPORT ""
| #define PACKAGE_URL ""
| /* end confdefs.h.  */
| #include <ac_nonexistent.h>
configure:3303: checking for icc
configure:3312: result: no
configure:3326: checking for suncc
configure:3335: result: no
configure:3353: checking whether cc understands -c and -o together
configure:3381: cc -c conftest.c -o conftest2.o >&5
configure:3385: $? = 0
configure:3391: cc -c conftest.c -o conftest2.o >&5
configure:3395: $? = 0
configure:3450: result: yes
configure:3464: checking for system library directory
configure:3479: result: lib
configure:3486: checking if compiler supports -R
configure:3505: cc -o conftest -fstack-protector-strong -fpic -fpie -O2 -fstack-protector-strong -fpic -fpie -O2 -Wl,-O1 -Wl,--hash-style=both -pie conftest.c -R /usr/lib  >&5
cc: error: unrecognized command line option '-R'
configure:3505: $? = 1
configure: failed program was:
| /* confdefs.h */
| #define PACKAGE_NAME ""
| #define PACKAGE_TARNAME ""
| #define PACKAGE_VERSION ""
| #define PACKAGE_STRING ""
| #define PACKAGE_BUGREPORT ""
| #define PACKAGE_URL ""
| /* end confdefs.h.  */
| 
| int
| main ()
| {
| 
|   ;
|   return 0;
| }
configure:3515: result: no
configure:3520: checking if compiler supports -Wl,-rpath,
configure:3539: cc -o conftest -fstack-protector-strong -fpic -fpie -O2 -fstack-protector-strong -fpic -fpie -O2 -Wl,-O1 -Wl,--hash-style=both -pie conftest.c -Wl,-rpath,/usr/lib  >&5
configure:3539: $? = 0
configure:3549: result: yes
configure:3594: checking build system type
configure:3608: result: x86_64-pc-linux-musl
configure:3628: checking host system type
configure:3641: result: x86_64-pc-linux-musl
configure:3661: checking target system type
configure:3674: result: x86_64-pc-linux-musl
configure:3777: checking for PHP prefix
configure:3779: result: /usr/local
configure:3781: checking for PHP includes
configure:3783: result: -I/usr/local/include/php -I/usr/local/include/php/main -I/usr/local/include/php/TSRM -I/usr/local/include/php/Zend -I/usr/local/include/php/ext -I/usr/local/include/php/ext/date/lib
configure:3785: checking for PHP extension directory
configure:3787: result: /usr/local/lib/php/extensions/no-debug-non-zts-20160303
configure:3789: checking for PHP installed headers prefix
configure:3791: result: /usr/local/include/php
configure:3794: checking if debug is enabled
configure:3820: result: no
configure:3823: checking if zts is enabled
configure:3849: result: no
configure:3920: checking for re2c
configure:3936: found /usr/bin/re2c
configure:3947: result: re2c
configure:3956: checking for re2c version
configure:3970: result: 0.14.3 (ok)
configure:3989: checking for gawk
configure:4020: result: no
configure:3989: checking for nawk
configure:4020: result: no
configure:3989: checking for awk
configure:4006: found /usr/bin/awk
configure:4017: result: awk
configure:4040: checking if awk is broken
configure:4047: result: no
configure:4061: checking whether to enable redis support
configure:4100: result: yes, shared
configure:4109: checking whether to enable sessions
configure:4123: result: yes
configure:4132: checking whether to enable igbinary serializer support
configure:4146: result: no
configure:4188: checking for redis igbinary support
configure:4252: result: disabled
configure:4649: checking for ld used by cc
configure:4716: result: /usr/x86_64-alpine-linux-musl/bin/ld
configure:4723: checking if the linker (/usr/x86_64-alpine-linux-musl/bin/ld) is GNU ld
configure:4738: result: yes
configure:4743: checking for /usr/x86_64-alpine-linux-musl/bin/ld option to reload object files
configure:4750: result: -r
configure:4768: checking for BSD-compatible nm
configure:4817: result: /usr/bin/nm -B
configure:4821: checking whether ln -s works
configure:4825: result: yes
configure:4832: checking how to recognize dependent libraries
configure:5018: result: pass_all
configure:5103: cc -c -fstack-protector-strong -fpic -fpie -O2 -fstack-protector-strong -fpic -fpie -O2 conftest.c >&5
configure:5106: $? = 0
configure:5236: checking for ANSI C header files
configure:5256: cc -c -fstack-protector-strong -fpic -fpie -O2 -fstack-protector-strong -fpic -fpie -O2 conftest.c >&5
configure:5256: $? = 0
configure:5329: cc -o conftest -fstack-protector-strong -fpic -fpie -O2 -fstack-protector-strong -fpic -fpie -O2 -Wl,-O1 -Wl,--hash-style=both -pie conftest.c  >&5
configure:5329: $? = 0
configure:5329: ./conftest
configure:5329: $? = 0
configure:5340: result: yes
configure:5353: checking for sys/types.h
configure:5353: cc -c -fstack-protector-strong -fpic -fpie -O2 -fstack-protector-strong -fpic -fpie -O2 conftest.c >&5
configure:5353: $? = 0
configure:5353: result: yes
configure:5353: checking for sys/stat.h
configure:5353: cc -c -fstack-protector-strong -fpic -fpie -O2 -fstack-protector-strong -fpic -fpie -O2 conftest.c >&5
configure:5353: $? = 0
configure:5353: result: yes
configure:5353: checking for stdlib.h
configure:5353: cc -c -fstack-protector-strong -fpic -fpie -O2 -fstack-protector-strong -fpic -fpie -O2 conftest.c >&5
configure:5353: $? = 0
configure:5353: result: yes
configure:5353: checking for string.h
configure:5353: cc -c -fstack-protector-strong -fpic -fpie -O2 -fstack-protector-strong -fpic -fpie -O2 conftest.c >&5
configure:5353: $? = 0
configure:5353: result: yes
configure:5353: checking for memory.h
configure:5353: cc -c -fstack-protector-strong -fpic -fpie -O2 -fstack-protector-strong -fpic -fpie -O2 conftest.c >&5
configure:5353: $? = 0
configure:5353: result: yes
configure:5353: checking for strings.h
configure:5353: cc -c -fstack-protector-strong -fpic -fpie -O2 -fstack-protector-strong -fpic -fpie -O2 conftest.c >&5
configure:5353: $? = 0
configure:5353: result: yes
configure:5353: checking for inttypes.h
configure:5353: cc -c -fstack-protector-strong -fpic -fpie -O2 -fstack-protector-strong -fpic -fpie -O2 conftest.c >&5
configure:5353: $? = 0
configure:5353: result: yes
configure:5353: checking for stdint.h
configure:5353: cc -c -fstack-protector-strong -fpic -fpie -O2 -fstack-protector-strong -fpic -fpie -O2 conftest.c >&5
configure:5353: $? = 0
configure:5353: result: yes
configure:5353: checking for unistd.h
configure:5353: cc -c -fstack-protector-strong -fpic -fpie -O2 -fstack-protector-strong -fpic -fpie -O2 conftest.c >&5
configure:5353: $? = 0
configure:5353: result: yes
configure:5367: checking dlfcn.h usability
configure:5367: cc -c -fstack-protector-strong -fpic -fpie -O2 -fstack-protector-strong -fpic -fpie -O2 conftest.c >&5
configure:5367: $? = 0
configure:5367: result: yes
configure:5367: checking dlfcn.h presence
configure:5367: cc -E -fstack-protector-strong -fpic -fpie -O2 conftest.c
configure:5367: $? = 0
configure:5367: result: yes
configure:5367: checking for dlfcn.h
configure:5367: result: yes
configure:5389: checking the maximum length of command line arguments
configure:5501: result: 98304
configure:5513: checking command to parse /usr/bin/nm -B output from cc object
configure:5618: cc -c -fstack-protector-strong -fpic -fpie -O2 -fstack-protector-strong -fpic -fpie -O2 conftest.c >&5
configure:5621: $? = 0
configure:5625: /usr/bin/nm -B conftest.o \| sed -n -e 's/^.*[ 	]\([ABCDGIRSTW][ABCDGIRSTW]*\)[ 	][ 	]*\([_A-Za-z][_A-Za-z0-9]*\)$/\1 \2 \2/p' \> conftest.nm
configure:5628: $? = 0
configure:5680: cc -o conftest -fstack-protector-strong -fpic -fpie -O2 -fstack-protector-strong -fpic -fpie -O2 -Wl,-O1 -Wl,--hash-style=both -pie conftest.c conftstm.o >&5
configure:5683: $? = 0
configure:5721: result: ok
configure:5725: checking for objdir
configure:5740: result: .libs
configure:5832: checking for ar
configure:5848: found /usr/bin/ar
configure:5859: result: ar
configure:5924: checking for ranlib
configure:5940: found /usr/bin/ranlib
configure:5951: result: ranlib
configure:6016: checking for strip
configure:6032: found /usr/bin/strip
configure:6043: result: strip
configure:6612: checking if cc supports -fno-rtti -fno-exceptions
configure:6630: cc -c -fstack-protector-strong -fpic -fpie -O2 -fstack-protector-strong -fpic -fpie -O2 -fno-rtti -fno-exceptions conftest.c >&5
cc1: warning: command line option '-fno-rtti' is valid for C++/ObjC++ but not for C
configure:6634: $? = 0
configure:6647: result: no
configure:6662: checking for cc option to produce PIC
configure:6902: result: -fPIC
configure:6910: checking if cc PIC flag -fPIC works
configure:6928: cc -c -fstack-protector-strong -fpic -fpie -O2 -fstack-protector-strong -fpic -fpie -O2 -fPIC -DPIC conftest.c >&5
configure:6932: $? = 0
configure:6945: result: yes
configure:6973: checking if cc static flag -static works
configure:7001: result: yes
configure:7011: checking if cc supports -c -o file.o
configure:7032: cc -c -fstack-protector-strong -fpic -fpie -O2 -fstack-protector-strong -fpic -fpie -O2 -o out/conftest2.o conftest.c >&5
configure:7036: $? = 0
configure:7058: result: yes
configure:7084: checking whether the cc linker (/usr/x86_64-alpine-linux-musl/bin/ld -m elf_x86_64) supports shared libraries
configure:8012: result: yes
configure:8033: checking whether -lc should be explicitly linked in
configure:8038: cc -c -fstack-protector-strong -fpic -fpie -O2 -fstack-protector-strong -fpic -fpie -O2 conftest.c >&5
configure:8041: $? = 0
configure:8056: cc -shared conftest.o  -v -Wl,-soname -Wl,conftest -o conftest 2\>\&1 \| grep  -lc  \>/dev/null 2\>\&1
configure:8059: $? = 0
configure:8071: result: no
configure:8079: checking dynamic linker characteristics
configure:8677: result: GNU/Linux ld.so
configure:8701: checking how to hardcode library paths into programs
configure:8726: result: immediate
configure:8740: checking whether stripping libraries is possible
configure:8745: result: yes
configure:9262: checking if libtool supports shared libraries
configure:9264: result: yes
configure:9267: checking whether to build shared libraries
configure:9288: result: yes
configure:9291: checking whether to build static libraries
configure:9295: result: no
configure:9390: result:
creating libtool
configure:13089: creating ./config.status

## ---------------------- ##
## Running config.status. ##
## ---------------------- ##

This file was extended by config.status, which was
generated by GNU Autoconf 2.69.  Invocation command line was

  CONFIG_FILES    = 
  CONFIG_HEADERS  = 
  CONFIG_LINKS    = 
  CONFIG_COMMANDS = 
  $ ./config.status 

on f0467faaa002

config.status:677: creating config.h
config.status:767: config.h is unchanged

## ---------------- ##
## Cache variables. ##
## ---------------- ##

ac_cv_build=x86_64-pc-linux-musl
ac_cv_c_compiler_gnu=yes
ac_cv_env_CC_set=
ac_cv_env_CC_value=
ac_cv_env_CFLAGS_set=set
ac_cv_env_CFLAGS_value='-fstack-protector-strong -fpic -fpie -O2'
ac_cv_env_CPPFLAGS_set=set
ac_cv_env_CPPFLAGS_value='-fstack-protector-strong -fpic -fpie -O2'
ac_cv_env_CPP_set=
ac_cv_env_CPP_value=
ac_cv_env_LDFLAGS_set=set
ac_cv_env_LDFLAGS_value='-Wl,-O1 -Wl,--hash-style=both -pie'
ac_cv_env_LIBS_set=
ac_cv_env_LIBS_value=
ac_cv_env_build_alias_set=set
ac_cv_env_build_alias_value=x86_64-linux-musl
ac_cv_env_host_alias_set=
ac_cv_env_host_alias_value=
ac_cv_env_target_alias_set=
ac_cv_env_target_alias_value=
ac_cv_header_dlfcn_h=yes
ac_cv_header_inttypes_h=yes
ac_cv_header_memory_h=yes
ac_cv_header_stdc=yes
ac_cv_header_stdint_h=yes
ac_cv_header_stdlib_h=yes
ac_cv_header_string_h=yes
ac_cv_header_strings_h=yes
ac_cv_header_sys_stat_h=yes
ac_cv_header_sys_types_h=yes
ac_cv_header_unistd_h=yes
ac_cv_host=x86_64-pc-linux-musl
ac_cv_objext=o
ac_cv_path_EGREP='/bin/grep -E'
ac_cv_path_GREP=/bin/grep
ac_cv_prog_AWK=awk
ac_cv_prog_CPP='cc -E'
ac_cv_prog_RE2C=re2c
ac_cv_prog_ac_ct_AR=ar
ac_cv_prog_ac_ct_CC=cc
ac_cv_prog_ac_ct_RANLIB=ranlib
ac_cv_prog_ac_ct_STRIP=strip
ac_cv_prog_cc_c89=
ac_cv_prog_cc_cc_c_o=yes
ac_cv_prog_cc_g=yes
ac_cv_target=x86_64-pc-linux-musl
lt_cv_deplibs_check_method=pass_all
lt_cv_file_magic_cmd='$MAGIC_CMD'
lt_cv_file_magic_test_file=
lt_cv_ld_reload_flag=-r
lt_cv_objdir=.libs
lt_cv_path_LD=/usr/x86_64-alpine-linux-musl/bin/ld
lt_cv_path_NM='/usr/bin/nm -B'
lt_cv_path_SED=/bin/sed
lt_cv_prog_compiler_c_o=yes
lt_cv_prog_compiler_pic_works=yes
lt_cv_prog_compiler_rtti_exceptions=no
lt_cv_prog_compiler_static_works=yes
lt_cv_prog_gnu_ld=yes
lt_cv_sys_global_symbol_pipe='sed -n -e '\''s/^.*[ 	]\([ABCDGIRSTW][ABCDGIRSTW]*\)[ 	][ 	]*\([_A-Za-z][_A-Za-z0-9]*\)$/\1 \2 \2/p'\'''
lt_cv_sys_global_symbol_to_c_name_address='sed -n -e '\''s/^: \([^ ]*\) $/  {\"\1\", (lt_ptr) 0},/p'\'' -e '\''s/^[BCDEGRST] \([^ ]*\) \([^ ]*\)$/  {"\2", (lt_ptr) \&\2},/p'\'''
lt_cv_sys_global_symbol_to_cdecl='sed -n -e '\''s/^. .* \(.*\)$/extern int \1;/p'\'''
lt_cv_sys_lib_dlsearch_path_spec='/lib /usr/lib'
lt_cv_sys_lib_search_path_spec='/usr/lib/gcc/x86_64-alpine-linux-musl/5.3.0 /usr/x86_64-alpine-linux-musl/lib /usr/lib /lib'
lt_cv_sys_max_cmd_len=98304
lt_lt_cv_prog_compiler_c_o='"yes"'
lt_lt_cv_sys_global_symbol_pipe='"sed -n -e '\''s/^.*[ 	]\\([ABCDGIRSTW][ABCDGIRSTW]*\\)[ 	][ 	]*\\([_A-Za-z][_A-Za-z0-9]*\\)\$/\\1 \\2 \\2/p'\''"'
lt_lt_cv_sys_global_symbol_to_c_name_address='"sed -n -e '\''s/^: \\([^ ]*\\) \$/  {\\\"\\1\\\", (lt_ptr) 0},/p'\'' -e '\''s/^[BCDEGRST] \\([^ ]*\\) \\([^ ]*\\)\$/  {\"\\2\", (lt_ptr) \\&\\2},/p'\''"'
lt_lt_cv_sys_global_symbol_to_cdecl='"sed -n -e '\''s/^. .* \\(.*\\)\$/extern int \\1;/p'\''"'
php_cv_cc_dashr=no
php_cv_cc_rpath=yes
php_cv_re2c_version='0.14.3 (ok)'

## ----------------- ##
## Output variables. ##
## ----------------- ##

AR='ar'
AWK='awk'
CC='cc'
CFLAGS='-fstack-protector-strong -fpic -fpie -O2'
CONFIGURE_COMMAND=' '\''./configure'\''  '\''--build=x86_64-linux-musl'\'' '\''build_alias=x86_64-linux-musl'\'''
CONFIGURE_OPTIONS=' '\''--build=x86_64-linux-musl'\'' '\''build_alias=x86_64-linux-musl'\'''
CPP='cc -E'
CPPFLAGS='-fstack-protector-strong -fpic -fpie -O2 -DHAVE_CONFIG_H'
DEFS='-DHAVE_CONFIG_H'
DSYMUTIL=''
ECHO='echo'
ECHO_C=''
ECHO_N='-n'
ECHO_T=''
EGREP='/bin/grep -E'
EXEEXT=''
GREP='/bin/grep'
LDFLAGS='-Wl,-O1 -Wl,--hash-style=both -pie'
LIBOBJS=''
LIBS=''
LIBTOOL='$(SHELL) $(top_builddir)/libtool'
LN_S='ln -s'
LTLIBOBJS=''
NMEDIT=''
OBJEXT='o'
PACKAGE_BUGREPORT=''
PACKAGE_NAME=''
PACKAGE_STRING=''
PACKAGE_TARNAME=''
PACKAGE_URL=''
PACKAGE_VERSION=''
PATH_SEPARATOR=':'
RANLIB='ranlib'
RE2C='re2c'
SED='/bin/sed'
SHELL='/bin/bash'
SHLIB_DL_SUFFIX_NAME='so'
SHLIB_SUFFIX_NAME='so'
STRIP='strip'
ac_ct_CC='cc'
bindir='${exec_prefix}/bin'
build='x86_64-pc-linux-musl'
build_alias='x86_64-linux-musl'
build_cpu='x86_64'
build_os='linux-musl'
build_vendor='pc'
datadir='${datarootdir}'
datarootdir='${prefix}/share'
docdir='${datarootdir}/doc/${PACKAGE}'
dvidir='${docdir}'
exec_prefix='$(prefix)'
host='x86_64-pc-linux-musl'
host_alias='x86_64-pc-linux-musl'
host_cpu='x86_64'
host_os='linux-musl'
host_vendor='pc'
htmldir='${docdir}'
includedir='${prefix}/include'
infodir='${datarootdir}/info'
libdir='${exec_prefix}/lib'
libexecdir='${exec_prefix}/libexec'
localedir='${datarootdir}/locale'
localstatedir='${prefix}/var'
mandir='${datarootdir}/man'
oldincludedir='/usr/include'
pdfdir='${docdir}'
prefix='/usr/local'
program_transform_name='s,x,x,'
psdir='${docdir}'
sbindir='${exec_prefix}/sbin'
sharedstatedir='${prefix}/com'
sysconfdir='${prefix}/etc'
target='x86_64-pc-linux-musl'
target_alias=''
target_cpu='x86_64'
target_os='linux-musl'
target_vendor='pc'

## ----------- ##
## confdefs.h. ##
## ----------- ##

/* confdefs.h */
#define PACKAGE_NAME ""
#define PACKAGE_TARNAME ""
#define PACKAGE_VERSION ""
#define PACKAGE_STRING ""
#define PACKAGE_BUGREPORT ""
#define PACKAGE_URL ""
#define PHP_SESSION 1
#define COMPILE_DL_REDIS 1
#define STDC_HEADERS 1
#define HAVE_SYS_TYPES_H 1
#define HAVE_SYS_STAT_H 1
#define HAVE_STDLIB_H 1
#define HAVE_STRING_H 1
#define HAVE_MEMORY_H 1
#define HAVE_STRINGS_H 1
#define HAVE_INTTYPES_H 1
#define HAVE_STDINT_H 1
#define HAVE_UNISTD_H 1
#define HAVE_DLFCN_H 1

configure: exit 0
