This file contains any messages produced by compilers while
running configure, to aid debugging if configure makes a mistake.

It was created by configure, which was
generated by GNU Autoconf 2.69.  Invocation command line was

  $ ./configure 

## --------- ##
## Platform. ##
## --------- ##

hostname = 65b0c56bfa9e
uname -m = x86_64
uname -r = 4.9.60-linuxkit-aufs
uname -s = Linux
uname -v = #1 SMP Mon Nov 6 16:00:12 UTC 2017

/usr/bin/uname -p = x86_64
/bin/uname -X     = unknown

/bin/arch              = x86_64
/usr/bin/arch -k       = unknown
/usr/convex/getsysinfo = unknown
/usr/bin/hostinfo      = unknown
/bin/machine           = unknown
/usr/bin/oslevel       = unknown
/bin/universe          = unknown

PATH: /usr/local/sbin
PATH: /usr/local/bin
PATH: /usr/sbin
PATH: /usr/bin
PATH: /sbin
PATH: /bin
PATH: /usr/local/php/bin


## ----------- ##
## Core tests. ##
## ----------- ##

configure:2315: checking for grep that handles long lines and -e
configure:2373: result: /usr/bin/grep
configure:2378: checking for egrep
configure:2440: result: /usr/bin/grep -E
configure:2445: checking for a sed that does not truncate output
configure:2499: result: /usr/bin/sed
configure:2636: checking for cc
configure:2652: found /usr/bin/cc
configure:2663: result: cc
configure:2694: checking for C compiler version
configure:2703: cc --version >&5
cc (GCC) 4.8.5 20150623 (Red Hat 4.8.5-16)
Copyright (C) 2015 Free Software Foundation, Inc.
This is free software; see the source for copying conditions.  There is NO
warranty; not even for MERCHANTABILITY or FITNESS FOR A PARTICULAR PURPOSE.

configure:2714: $? = 0
configure:2703: cc -v >&5
Using built-in specs.
COLLECT_GCC=cc
COLLECT_LTO_WRAPPER=/usr/libexec/gcc/x86_64-redhat-linux/4.8.5/lto-wrapper
Target: x86_64-redhat-linux
Configured with: ../configure --prefix=/usr --mandir=/usr/share/man --infodir=/usr/share/info --with-bugurl=http://bugzilla.redhat.com/bugzilla --enable-bootstrap --enable-shared --enable-threads=posix --enable-checking=release --with-system-zlib --enable-__cxa_atexit --disable-libunwind-exceptions --enable-gnu-unique-object --enable-linker-build-id --with-linker-hash-style=gnu --enable-languages=c,c++,objc,obj-c++,java,fortran,ada,go,lto --enable-plugin --enable-initfini-array --disable-libgcj --with-isl=/builddir/build/BUILD/gcc-4.8.5-20150702/obj-x86_64-redhat-linux/isl-install --with-cloog=/builddir/build/BUILD/gcc-4.8.5-20150702/obj-x86_64-redhat-linux/cloog-install --enable-gnu-indirect-function --with-tune=generic --with-arch_32=x86-64 --build=x86_64-redhat-linux
Thread model: posix
gcc version 4.8.5 20150623 (Red Hat 4.8.5-16) (GCC) 
configure:2714: $? = 0
configure:2703: cc -V >&5
cc: error: unrecognized command line option '-V'
cc: fatal error: no input files
compilation terminated.
configure:2714: $? = 4
configure:2703: cc -qversion >&5
cc: error: unrecognized command line option '-qversion'
cc: fatal error: no input files
compilation terminated.
configure:2714: $? = 4
configure:2734: checking whether the C compiler works
configure:2756: cc    conftest.c  >&5
configure:2760: $? = 0
configure:2808: result: yes
configure:2811: checking for C compiler default output file name
configure:2813: result: a.out
configure:2819: checking for suffix of executables
configure:2826: cc -o conftest    conftest.c  >&5
configure:2830: $? = 0
configure:2852: result: 
configure:2874: checking whether we are cross compiling
configure:2882: cc -o conftest    conftest.c  >&5
configure:2886: $? = 0
configure:2893: ./conftest
configure:2897: $? = 0
configure:2912: result: no
configure:2917: checking for suffix of object files
configure:2939: cc -c   conftest.c >&5
configure:2943: $? = 0
configure:2964: result: o
configure:2968: checking whether we are using the GNU C compiler
configure:2987: cc -c   conftest.c >&5
configure:2987: $? = 0
configure:2996: result: yes
configure:3005: checking whether cc accepts -g
configure:3025: cc -c -g  conftest.c >&5
configure:3025: $? = 0
configure:3066: result: yes
configure:3083: checking for cc option to accept ISO C89
configure:3146: cc  -c -g -O2  conftest.c >&5
configure:3146: $? = 0
configure:3159: result: none needed
configure:3185: checking how to run the C preprocessor
configure:3216: cc -E  conftest.c
configure:3216: $? = 0
configure:3230: cc -E  conftest.c
conftest.c:9:28: fatal error: ac_nonexistent.h: No such file or directory
 #include <ac_nonexistent.h>
                            ^
compilation terminated.
configure:3230: $? = 1
configure: failed program was:
| /* confdefs.h */
| #define PACKAGE_NAME ""
| #define PACKAGE_TARNAME ""
| #define PACKAGE_VERSION ""
| #define PACKAGE_STRING ""
| #define PACKAGE_BUGREPORT ""
| #define PACKAGE_URL ""
| /* end confdefs.h.  */
| #include <ac_nonexistent.h>
configure:3255: result: cc -E
configure:3275: cc -E  conftest.c
configure:3275: $? = 0
configure:3289: cc -E  conftest.c
conftest.c:9:28: fatal error: ac_nonexistent.h: No such file or directory
 #include <ac_nonexistent.h>
                            ^
compilation terminated.
configure:3289: $? = 1
configure: failed program was:
| /* confdefs.h */
| #define PACKAGE_NAME ""
| #define PACKAGE_TARNAME ""
| #define PACKAGE_VERSION ""
| #define PACKAGE_STRING ""
| #define PACKAGE_BUGREPORT ""
| #define PACKAGE_URL ""
| /* end confdefs.h.  */
| #include <ac_nonexistent.h>
configure:3320: checking for icc
configure:3329: result: no
configure:3343: checking for suncc
configure:3352: result: no
configure:3370: checking whether cc understands -c and -o together
configure:3398: cc -c conftest.c -o conftest2.o >&5
configure:3402: $? = 0
configure:3408: cc -c conftest.c -o conftest2.o >&5
configure:3412: $? = 0
configure:3467: result: yes
configure:3481: checking for system library directory
configure:3496: result: lib
configure:3503: checking if compiler supports -R
configure:3522: cc -o conftest -g -O2   conftest.c -R /usr/lib  >&5
cc: error: unrecognized command line option '-R'
configure:3522: $? = 1
configure: failed program was:
| /* confdefs.h */
| #define PACKAGE_NAME ""
| #define PACKAGE_TARNAME ""
| #define PACKAGE_VERSION ""
| #define PACKAGE_STRING ""
| #define PACKAGE_BUGREPORT ""
| #define PACKAGE_URL ""
| /* end confdefs.h.  */
| 
| int
| main ()
| {
| 
|   ;
|   return 0;
| }
configure:3532: result: no
configure:3537: checking if compiler supports -Wl,-rpath,
configure:3556: cc -o conftest -g -O2   conftest.c -Wl,-rpath,/usr/lib  >&5
configure:3556: $? = 0
configure:3566: result: yes
configure:3611: checking build system type
configure:3625: result: x86_64-unknown-linux-gnu
configure:3645: checking host system type
configure:3658: result: x86_64-unknown-linux-gnu
configure:3678: checking target system type
configure:3691: result: x86_64-unknown-linux-gnu
configure:3794: checking for PHP prefix
configure:3796: result: /usr/local/php
configure:3798: checking for PHP includes
configure:3800: result: -I/usr/local/php/include/php -I/usr/local/php/include/php/main -I/usr/local/php/include/php/TSRM -I/usr/local/php/include/php/Zend -I/usr/local/php/include/php/ext -I/usr/local/php/include/php/ext/date/lib
configure:3802: checking for PHP extension directory
configure:3804: result: /usr/local/php/lib/php/extensions/no-debug-non-zts-20160303
configure:3806: checking for PHP installed headers prefix
configure:3808: result: /usr/local/php/include/php
configure:3811: checking if debug is enabled
configure:3837: result: no
configure:3840: checking if zts is enabled
configure:3866: result: no
configure:3937: checking for re2c
configure:3967: result: no
configure:3992: WARNING: You will need re2c 0.13.4 or later if you want to regenerate PHP parsers.
configure:4006: checking for gawk
configure:4023: found /usr/bin/gawk
configure:4034: result: gawk
configure:4078: checking whether to enable memcached support
configure:4117: result: yes, shared
configure:4126: checking for libmemcached
configure:4166: result: yes, shared
configure:4175: checking whether to enable memcached session handler support
configure:4189: result: yes
configure:4198: checking whether to enable memcached igbinary serializer support
configure:4212: result: no
configure:4221: checking whether to enable memcached json serializer support
configure:4235: result: no
configure:4244: checking whether to enable memcached msgpack serializer support
configure:4258: result: no
configure:4267: checking whether to enable memcached sasl support
configure:4281: result: yes
configure:4290: checking whether to enable memcached protocol support
configure:4304: result: no
configure:4313: checking whether to use system FastLZ bibrary
configure:4328: result: no
configure:4338: checking for ZLIB
configure:4378: result: yes, shared
configure:4402: checking for pkg-config
configure:4420: found /usr/bin/pkg-config
configure:4433: result: /usr/bin/pkg-config
configure:4469: checking for zlib location
configure:4472: result: /usr
configure:4607: checking for session includes
configure:4628: result: /usr/local/php/include/php
configure:4720: checking for memcached session support
configure:4723: result: enabled
configure:4756: checking for memcached igbinary support
configure:4788: result: disabled
configure:4792: checking for memcached msgpack support
configure:4824: result: disabled
configure:4828: checking for libmemcached location
configure:4848: result: found version 1.0.16, under /usr
configure:4990: checking whether to enable sasl support
configure:4993: result: yes
configure:4995: checking for ANSI C header files
configure:5015: cc -c -g -O2 -I/usr/local/php/include/php -I/usr/local/php/include/php/main -I/usr/local/php/include/php/TSRM -I/usr/local/php/include/php/Zend -I/usr/local/php/include/php/ext -I/usr/local/php/include/php/ext/date/lib  conftest.c >&5
configure:5015: $? = 0
configure:5088: cc -o conftest -g -O2 -I/usr/local/php/include/php -I/usr/local/php/include/php/main -I/usr/local/php/include/php/TSRM -I/usr/local/php/include/php/Zend -I/usr/local/php/include/php/ext -I/usr/local/php/include/php/ext/date/lib   conftest.c  >&5
configure:5088: $? = 0
configure:5088: ./conftest
configure:5088: $? = 0
configure:5099: result: yes
configure:5112: checking for sys/types.h
configure:5112: cc -c -g -O2 -I/usr/local/php/include/php -I/usr/local/php/include/php/main -I/usr/local/php/include/php/TSRM -I/usr/local/php/include/php/Zend -I/usr/local/php/include/php/ext -I/usr/local/php/include/php/ext/date/lib  conftest.c >&5
configure:5112: $? = 0
configure:5112: result: yes
configure:5112: checking for sys/stat.h
configure:5112: cc -c -g -O2 -I/usr/local/php/include/php -I/usr/local/php/include/php/main -I/usr/local/php/include/php/TSRM -I/usr/local/php/include/php/Zend -I/usr/local/php/include/php/ext -I/usr/local/php/include/php/ext/date/lib  conftest.c >&5
configure:5112: $? = 0
configure:5112: result: yes
configure:5112: checking for stdlib.h
configure:5112: cc -c -g -O2 -I/usr/local/php/include/php -I/usr/local/php/include/php/main -I/usr/local/php/include/php/TSRM -I/usr/local/php/include/php/Zend -I/usr/local/php/include/php/ext -I/usr/local/php/include/php/ext/date/lib  conftest.c >&5
configure:5112: $? = 0
configure:5112: result: yes
configure:5112: checking for string.h
configure:5112: cc -c -g -O2 -I/usr/local/php/include/php -I/usr/local/php/include/php/main -I/usr/local/php/include/php/TSRM -I/usr/local/php/include/php/Zend -I/usr/local/php/include/php/ext -I/usr/local/php/include/php/ext/date/lib  conftest.c >&5
configure:5112: $? = 0
configure:5112: result: yes
configure:5112: checking for memory.h
configure:5112: cc -c -g -O2 -I/usr/local/php/include/php -I/usr/local/php/include/php/main -I/usr/local/php/include/php/TSRM -I/usr/local/php/include/php/Zend -I/usr/local/php/include/php/ext -I/usr/local/php/include/php/ext/date/lib  conftest.c >&5
configure:5112: $? = 0
configure:5112: result: yes
configure:5112: checking for strings.h
configure:5112: cc -c -g -O2 -I/usr/local/php/include/php -I/usr/local/php/include/php/main -I/usr/local/php/include/php/TSRM -I/usr/local/php/include/php/Zend -I/usr/local/php/include/php/ext -I/usr/local/php/include/php/ext/date/lib  conftest.c >&5
configure:5112: $? = 0
configure:5112: result: yes
configure:5112: checking for inttypes.h
configure:5112: cc -c -g -O2 -I/usr/local/php/include/php -I/usr/local/php/include/php/main -I/usr/local/php/include/php/TSRM -I/usr/local/php/include/php/Zend -I/usr/local/php/include/php/ext -I/usr/local/php/include/php/ext/date/lib  conftest.c >&5
configure:5112: $? = 0
configure:5112: result: yes
configure:5112: checking for stdint.h
configure:5112: cc -c -g -O2 -I/usr/local/php/include/php -I/usr/local/php/include/php/main -I/usr/local/php/include/php/TSRM -I/usr/local/php/include/php/Zend -I/usr/local/php/include/php/ext -I/usr/local/php/include/php/ext/date/lib  conftest.c >&5
configure:5112: $? = 0
configure:5112: result: yes
configure:5112: checking for unistd.h
configure:5112: cc -c -g -O2 -I/usr/local/php/include/php -I/usr/local/php/include/php/main -I/usr/local/php/include/php/TSRM -I/usr/local/php/include/php/Zend -I/usr/local/php/include/php/ext -I/usr/local/php/include/php/ext/date/lib  conftest.c >&5
configure:5112: $? = 0
configure:5112: result: yes
configure:5126: checking sasl/sasl.h usability
configure:5126: cc -c -g -O2 -I/usr/local/php/include/php -I/usr/local/php/include/php/main -I/usr/local/php/include/php/TSRM -I/usr/local/php/include/php/Zend -I/usr/local/php/include/php/ext -I/usr/local/php/include/php/ext/date/lib  conftest.c >&5
configure:5126: $? = 0
configure:5126: result: yes
configure:5126: checking sasl/sasl.h presence
configure:5126: cc -E  conftest.c
configure:5126: $? = 0
configure:5126: result: yes
configure:5126: checking for sasl/sasl.h
configure:5126: result: yes
configure:5141: checking whether libmemcached supports sasl
configure:5164: cc -c -g -O2 -I/usr/local/php/include/php -I/usr/local/php/include/php/main -I/usr/local/php/include/php/TSRM -I/usr/local/php/include/php/Zend -I/usr/local/php/include/php/ext -I/usr/local/php/include/php/ext/date/lib  conftest.c >&5
configure:5164: $? = 0
configure:5173: result: yes
configure:5272: checking for sasl_client_init in -lsasl2
configure:5297: cc -o conftest -g -O2 -I/usr/local/php/include/php -I/usr/local/php/include/php/main -I/usr/local/php/include/php/TSRM -I/usr/local/php/include/php/Zend -I/usr/local/php/include/php/ext -I/usr/local/php/include/php/ext/date/lib   conftest.c -lsasl2   >&5
configure:5297: $? = 0
configure:5306: result: yes
configure:5365: checking whether memcached_exist is defined
configure:5382: cc -o conftest -g -O2 -I/usr/local/php/include/php -I/usr/local/php/include/php/main -I/usr/local/php/include/php/TSRM -I/usr/local/php/include/php/Zend -I/usr/local/php/include/php/ext -I/usr/local/php/include/php/ext/date/lib     conftest.c  -lmemcached -lmemcachedutil   >&5
configure:5382: $? = 0
configure:5392: result: yes
configure:5599: checking for memcached protocol support
configure:5886: result: disabled
configure:6317: checking for ld used by cc
configure:6384: result: /usr/bin/ld
configure:6391: checking if the linker (/usr/bin/ld) is GNU ld
configure:6406: result: yes
configure:6411: checking for /usr/bin/ld option to reload object files
configure:6418: result: -r
configure:6436: checking for BSD-compatible nm
configure:6485: result: /usr/bin/nm -B
configure:6489: checking whether ln -s works
configure:6493: result: yes
configure:6500: checking how to recognize dependent libraries
configure:6686: result: pass_all
configure:6771: cc -c -g -O2 -I/usr/local/php/include/php -I/usr/local/php/include/php/main -I/usr/local/php/include/php/TSRM -I/usr/local/php/include/php/Zend -I/usr/local/php/include/php/ext -I/usr/local/php/include/php/ext/date/lib  conftest.c >&5
configure:6774: $? = 0
configure:6906: checking dlfcn.h usability
configure:6906: cc -c -g -O2 -I/usr/local/php/include/php -I/usr/local/php/include/php/main -I/usr/local/php/include/php/TSRM -I/usr/local/php/include/php/Zend -I/usr/local/php/include/php/ext -I/usr/local/php/include/php/ext/date/lib  conftest.c >&5
configure:6906: $? = 0
configure:6906: result: yes
configure:6906: checking dlfcn.h presence
configure:6906: cc -E  conftest.c
configure:6906: $? = 0
configure:6906: result: yes
configure:6906: checking for dlfcn.h
configure:6906: result: yes
configure:6928: checking the maximum length of command line arguments
configure:7040: result: 1572864
configure:7052: checking command to parse /usr/bin/nm -B output from cc object
configure:7157: cc -c -g -O2 -I/usr/local/php/include/php -I/usr/local/php/include/php/main -I/usr/local/php/include/php/TSRM -I/usr/local/php/include/php/Zend -I/usr/local/php/include/php/ext -I/usr/local/php/include/php/ext/date/lib  conftest.c >&5
configure:7160: $? = 0
configure:7164: /usr/bin/nm -B conftest.o \| sed -n -e 's/^.*[ 	]\([ABCDGIRSTW][ABCDGIRSTW]*\)[ 	][ 	]*\([_A-Za-z][_A-Za-z0-9]*\)$/\1 \2 \2/p' \> conftest.nm
configure:7167: $? = 0
configure:7219: cc -o conftest -g -O2 -I/usr/local/php/include/php -I/usr/local/php/include/php/main -I/usr/local/php/include/php/TSRM -I/usr/local/php/include/php/Zend -I/usr/local/php/include/php/ext -I/usr/local/php/include/php/ext/date/lib   conftest.c conftstm.o >&5
configure:7222: $? = 0
configure:7260: result: ok
configure:7264: checking for objdir
configure:7279: result: .libs
configure:7371: checking for ar
configure:7387: found /usr/bin/ar
configure:7398: result: ar
configure:7463: checking for ranlib
configure:7479: found /usr/bin/ranlib
configure:7490: result: ranlib
configure:7555: checking for strip
configure:7571: found /usr/bin/strip
configure:7582: result: strip
configure:8151: checking if cc supports -fno-rtti -fno-exceptions
configure:8169: cc -c -g -O2 -I/usr/local/php/include/php -I/usr/local/php/include/php/main -I/usr/local/php/include/php/TSRM -I/usr/local/php/include/php/Zend -I/usr/local/php/include/php/ext -I/usr/local/php/include/php/ext/date/lib  -fno-rtti -fno-exceptions conftest.c >&5
cc1: warning: command line option '-fno-rtti' is valid for C++/ObjC++ but not for C [enabled by default]
configure:8173: $? = 0
configure:8186: result: no
configure:8201: checking for cc option to produce PIC
configure:8441: result: -fPIC
configure:8449: checking if cc PIC flag -fPIC works
configure:8467: cc -c -g -O2 -I/usr/local/php/include/php -I/usr/local/php/include/php/main -I/usr/local/php/include/php/TSRM -I/usr/local/php/include/php/Zend -I/usr/local/php/include/php/ext -I/usr/local/php/include/php/ext/date/lib  -fPIC -DPIC conftest.c >&5
configure:8471: $? = 0
configure:8484: result: yes
configure:8512: checking if cc static flag -static works
configure:8540: result: no
configure:8550: checking if cc supports -c -o file.o
configure:8571: cc -c -g -O2 -I/usr/local/php/include/php -I/usr/local/php/include/php/main -I/usr/local/php/include/php/TSRM -I/usr/local/php/include/php/Zend -I/usr/local/php/include/php/ext -I/usr/local/php/include/php/ext/date/lib  -o out/conftest2.o conftest.c >&5
configure:8575: $? = 0
configure:8597: result: yes
configure:8623: checking whether the cc linker (/usr/bin/ld -m elf_x86_64) supports shared libraries
configure:9551: result: yes
configure:9572: checking whether -lc should be explicitly linked in
configure:9577: cc -c -g -O2 -I/usr/local/php/include/php -I/usr/local/php/include/php/main -I/usr/local/php/include/php/TSRM -I/usr/local/php/include/php/Zend -I/usr/local/php/include/php/ext -I/usr/local/php/include/php/ext/date/lib  conftest.c >&5
configure:9580: $? = 0
configure:9595: cc -shared conftest.o  -v -Wl,-soname -Wl,conftest -o conftest 2\>\&1 \| grep  -lc  \>/dev/null 2\>\&1
configure:9598: $? = 0
configure:9610: result: no
configure:9618: checking dynamic linker characteristics
configure:10216: result: GNU/Linux ld.so
configure:10240: checking how to hardcode library paths into programs
configure:10265: result: immediate
configure:10279: checking whether stripping libraries is possible
configure:10284: result: yes
configure:10801: checking if libtool supports shared libraries
configure:10803: result: yes
configure:10806: checking whether to build shared libraries
configure:10827: result: yes
configure:10830: checking whether to build static libraries
configure:10834: result: no
configure:10929: result:
creating libtool
configure:14628: creating ./config.status

## ---------------------- ##
## Running config.status. ##
## ---------------------- ##

This file was extended by config.status, which was
generated by GNU Autoconf 2.69.  Invocation command line was

  CONFIG_FILES    = 
  CONFIG_HEADERS  = 
  CONFIG_LINKS    = 
  CONFIG_COMMANDS = 
  $ ./config.status 

on 65b0c56bfa9e

config.status:680: creating config.h

## ---------------- ##
## Cache variables. ##
## ---------------- ##

ac_cv_build=x86_64-unknown-linux-gnu
ac_cv_c_compiler_gnu=yes
ac_cv_env_CC_set=
ac_cv_env_CC_value=
ac_cv_env_CFLAGS_set=
ac_cv_env_CFLAGS_value=
ac_cv_env_CPPFLAGS_set=
ac_cv_env_CPPFLAGS_value=
ac_cv_env_CPP_set=
ac_cv_env_CPP_value=
ac_cv_env_LDFLAGS_set=
ac_cv_env_LDFLAGS_value=
ac_cv_env_LIBS_set=
ac_cv_env_LIBS_value=
ac_cv_env_build_alias_set=
ac_cv_env_build_alias_value=
ac_cv_env_host_alias_set=
ac_cv_env_host_alias_value=
ac_cv_env_target_alias_set=
ac_cv_env_target_alias_value=
ac_cv_have_fastlz=no
ac_cv_have_memc_sasl_h=yes
ac_cv_have_memcached_exist=yes
ac_cv_header_dlfcn_h=yes
ac_cv_header_inttypes_h=yes
ac_cv_header_memory_h=yes
ac_cv_header_sasl_sasl_h=yes
ac_cv_header_stdc=yes
ac_cv_header_stdint_h=yes
ac_cv_header_stdlib_h=yes
ac_cv_header_string_h=yes
ac_cv_header_strings_h=yes
ac_cv_header_sys_stat_h=yes
ac_cv_header_sys_types_h=yes
ac_cv_header_unistd_h=yes
ac_cv_host=x86_64-unknown-linux-gnu
ac_cv_lib_sasl2_sasl_client_init=yes
ac_cv_memc_sasl_support=yes
ac_cv_objext=o
ac_cv_path_EGREP='/usr/bin/grep -E'
ac_cv_path_GREP=/usr/bin/grep
ac_cv_path_PKG_CONFIG=/usr/bin/pkg-config
ac_cv_prog_AWK=gawk
ac_cv_prog_CPP='cc -E'
ac_cv_prog_ac_ct_AR=ar
ac_cv_prog_ac_ct_CC=cc
ac_cv_prog_ac_ct_RANLIB=ranlib
ac_cv_prog_ac_ct_STRIP=strip
ac_cv_prog_cc_c89=
ac_cv_prog_cc_cc_c_o=yes
ac_cv_prog_cc_g=yes
ac_cv_target=x86_64-unknown-linux-gnu
lt_cv_deplibs_check_method=pass_all
lt_cv_file_magic_cmd='$MAGIC_CMD'
lt_cv_file_magic_test_file=
lt_cv_ld_reload_flag=-r
lt_cv_objdir=.libs
lt_cv_path_LD=/usr/bin/ld
lt_cv_path_NM='/usr/bin/nm -B'
lt_cv_path_SED=/usr/bin/sed
lt_cv_prog_compiler_c_o=yes
lt_cv_prog_compiler_pic_works=yes
lt_cv_prog_compiler_rtti_exceptions=no
lt_cv_prog_compiler_static_works=no
lt_cv_prog_gnu_ld=yes
lt_cv_sys_global_symbol_pipe='sed -n -e '\''s/^.*[ 	]\([ABCDGIRSTW][ABCDGIRSTW]*\)[ 	][ 	]*\([_A-Za-z][_A-Za-z0-9]*\)$/\1 \2 \2/p'\'''
lt_cv_sys_global_symbol_to_c_name_address='sed -n -e '\''s/^: \([^ ]*\) $/  {\"\1\", (lt_ptr) 0},/p'\'' -e '\''s/^[BCDEGRST] \([^ ]*\) \([^ ]*\)$/  {"\2", (lt_ptr) \&\2},/p'\'''
lt_cv_sys_global_symbol_to_cdecl='sed -n -e '\''s/^. .* \(.*\)$/extern int \1;/p'\'''
lt_cv_sys_lib_dlsearch_path_spec='/lib /usr/lib '
lt_cv_sys_lib_search_path_spec='/usr/lib/gcc/x86_64-redhat-linux/4.8.5 /usr/lib64 /lib64'
lt_cv_sys_max_cmd_len=1572864
lt_lt_cv_prog_compiler_c_o='"yes"'
lt_lt_cv_sys_global_symbol_pipe='"sed -n -e '\''s/^.*[ 	]\\([ABCDGIRSTW][ABCDGIRSTW]*\\)[ 	][ 	]*\\([_A-Za-z][_A-Za-z0-9]*\\)\$/\\1 \\2 \\2/p'\''"'
lt_lt_cv_sys_global_symbol_to_c_name_address='"sed -n -e '\''s/^: \\([^ ]*\\) \$/  {\\\"\\1\\\", (lt_ptr) 0},/p'\'' -e '\''s/^[BCDEGRST] \\([^ ]*\\) \\([^ ]*\\)\$/  {\"\\2\", (lt_ptr) \\&\\2},/p'\''"'
lt_lt_cv_sys_global_symbol_to_cdecl='"sed -n -e '\''s/^. .* \\(.*\\)\$/extern int \\1;/p'\''"'
php_cv_cc_dashr=no
php_cv_cc_rpath=yes

## ----------------- ##
## Output variables. ##
## ----------------- ##

AR='ar'
AWK='gawk'
CC='cc'
CFLAGS='-g -O2 -I/usr/local/php/include/php -I/usr/local/php/include/php/main -I/usr/local/php/include/php/TSRM -I/usr/local/php/include/php/Zend -I/usr/local/php/include/php/ext -I/usr/local/php/include/php/ext/date/lib'
CONFIGURE_COMMAND=' '\''./configure'\'' '
CONFIGURE_OPTIONS=''
CPP='cc -E'
CPPFLAGS=' -DHAVE_CONFIG_H'
DEFS='-DHAVE_CONFIG_H'
DSYMUTIL=''
ECHO='echo'
ECHO_C=''
ECHO_N='-n'
ECHO_T=''
EGREP='/usr/bin/grep -E'
EXEEXT=''
GREP='/usr/bin/grep'
LDFLAGS=''
LIBOBJS=''
LIBS=''
LIBTOOL='$(SHELL) $(top_builddir)/libtool'
LN_S='ln -s'
LTLIBOBJS=''
NMEDIT=''
OBJEXT='o'
PACKAGE_BUGREPORT=''
PACKAGE_NAME=''
PACKAGE_STRING=''
PACKAGE_TARNAME=''
PACKAGE_URL=''
PACKAGE_VERSION=''
PATH_SEPARATOR=':'
PKG_CONFIG='/usr/bin/pkg-config'
RANLIB='ranlib'
RE2C='exit 0;'
SED='/usr/bin/sed'
SHELL='/bin/sh'
SHLIB_DL_SUFFIX_NAME='so'
SHLIB_SUFFIX_NAME='so'
STRIP='strip'
ac_ct_CC='cc'
bindir='${exec_prefix}/bin'
build='x86_64-unknown-linux-gnu'
build_alias=''
build_cpu='x86_64'
build_os='linux-gnu'
build_vendor='unknown'
datadir='${datarootdir}'
datarootdir='${prefix}/share'
docdir='${datarootdir}/doc/${PACKAGE}'
dvidir='${docdir}'
exec_prefix='$(prefix)'
host='x86_64-unknown-linux-gnu'
host_alias='x86_64-unknown-linux-gnu'
host_cpu='x86_64'
host_os='linux-gnu'
host_vendor='unknown'
htmldir='${docdir}'
includedir='${prefix}/include'
infodir='${datarootdir}/info'
libdir='${exec_prefix}/lib'
libexecdir='${exec_prefix}/libexec'
localedir='${datarootdir}/locale'
localstatedir='${prefix}/var'
mandir='${datarootdir}/man'
oldincludedir='/usr/include'
pdfdir='${docdir}'
prefix='/usr/local/php'
program_transform_name='s,x,x,'
psdir='${docdir}'
sbindir='${exec_prefix}/sbin'
sharedstatedir='${prefix}/com'
sysconfdir='${prefix}/etc'
target='x86_64-unknown-linux-gnu'
target_alias=''
target_cpu='x86_64'
target_os='linux-gnu'
target_vendor='unknown'

## ----------- ##
## confdefs.h. ##
## ----------- ##

/* confdefs.h */
#define PACKAGE_NAME ""
#define PACKAGE_TARNAME ""
#define PACKAGE_VERSION ""
#define PACKAGE_STRING ""
#define PACKAGE_BUGREPORT ""
#define PACKAGE_URL ""
#define HAVE_MEMCACHED_SESSION 1
#define STDC_HEADERS 1
#define HAVE_SYS_TYPES_H 1
#define HAVE_SYS_STAT_H 1
#define HAVE_STDLIB_H 1
#define HAVE_STRING_H 1
#define HAVE_MEMORY_H 1
#define HAVE_STRINGS_H 1
#define HAVE_INTTYPES_H 1
#define HAVE_STDINT_H 1
#define HAVE_UNISTD_H 1
#define HAVE_SASL_SASL_H 1
#define HAVE_MEMCACHED_SASL 1
#define HAVE_MEMCACHED_EXIST 1
#define COMPILE_DL_MEMCACHED 1
#define HAVE_DLFCN_H 1

configure: exit 0
