This file contains any messages produced by compilers while
running configure, to aid debugging if configure makes a mistake.

It was created by configure, which was
generated by GNU Autoconf 2.69.  Invocation command line was

  $ ./configure 

## --------- ##
## Platform. ##
## --------- ##

hostname = 65b0c56bfa9e
uname -m = x86_64
uname -r = 4.9.60-linuxkit-aufs
uname -s = Linux
uname -v = #1 SMP Mon Nov 6 16:00:12 UTC 2017

/usr/bin/uname -p = x86_64
/bin/uname -X     = unknown

/bin/arch              = x86_64
/usr/bin/arch -k       = unknown
/usr/convex/getsysinfo = unknown
/usr/bin/hostinfo      = unknown
/bin/machine           = unknown
/usr/bin/oslevel       = unknown
/bin/universe          = unknown

PATH: /usr/local/sbin
PATH: /usr/local/bin
PATH: /usr/sbin
PATH: /usr/bin
PATH: /sbin
PATH: /bin
PATH: /usr/local/php/bin


## ----------- ##
## Core tests. ##
## ----------- ##

configure:2295: checking for grep that handles long lines and -e
configure:2353: result: /usr/bin/grep
configure:2358: checking for egrep
configure:2420: result: /usr/bin/grep -E
configure:2425: checking for a sed that does not truncate output
configure:2479: result: /usr/bin/sed
configure:2616: checking for cc
configure:2632: found /usr/bin/cc
configure:2643: result: cc
configure:2674: checking for C compiler version
configure:2683: cc --version >&5
cc (GCC) 4.8.5 20150623 (Red Hat 4.8.5-16)
Copyright (C) 2015 Free Software Foundation, Inc.
This is free software; see the source for copying conditions.  There is NO
warranty; not even for MERCHANTABILITY or FITNESS FOR A PARTICULAR PURPOSE.

configure:2694: $? = 0
configure:2683: cc -v >&5
Using built-in specs.
COLLECT_GCC=cc
COLLECT_LTO_WRAPPER=/usr/libexec/gcc/x86_64-redhat-linux/4.8.5/lto-wrapper
Target: x86_64-redhat-linux
Configured with: ../configure --prefix=/usr --mandir=/usr/share/man --infodir=/usr/share/info --with-bugurl=http://bugzilla.redhat.com/bugzilla --enable-bootstrap --enable-shared --enable-threads=posix --enable-checking=release --with-system-zlib --enable-__cxa_atexit --disable-libunwind-exceptions --enable-gnu-unique-object --enable-linker-build-id --with-linker-hash-style=gnu --enable-languages=c,c++,objc,obj-c++,java,fortran,ada,go,lto --enable-plugin --enable-initfini-array --disable-libgcj --with-isl=/builddir/build/BUILD/gcc-4.8.5-20150702/obj-x86_64-redhat-linux/isl-install --with-cloog=/builddir/build/BUILD/gcc-4.8.5-20150702/obj-x86_64-redhat-linux/cloog-install --enable-gnu-indirect-function --with-tune=generic --with-arch_32=x86-64 --build=x86_64-redhat-linux
Thread model: posix
gcc version 4.8.5 20150623 (Red Hat 4.8.5-16) (GCC) 
configure:2694: $? = 0
configure:2683: cc -V >&5
cc: error: unrecognized command line option '-V'
cc: fatal error: no input files
compilation terminated.
configure:2694: $? = 4
configure:2683: cc -qversion >&5
cc: error: unrecognized command line option '-qversion'
cc: fatal error: no input files
compilation terminated.
configure:2694: $? = 4
configure:2714: checking whether the C compiler works
configure:2736: cc    conftest.c  >&5
configure:2740: $? = 0
configure:2788: result: yes
configure:2791: checking for C compiler default output file name
configure:2793: result: a.out
configure:2799: checking for suffix of executables
configure:2806: cc -o conftest    conftest.c  >&5
configure:2810: $? = 0
configure:2832: result: 
configure:2854: checking whether we are cross compiling
configure:2862: cc -o conftest    conftest.c  >&5
configure:2866: $? = 0
configure:2873: ./conftest
configure:2877: $? = 0
configure:2892: result: no
configure:2897: checking for suffix of object files
configure:2919: cc -c   conftest.c >&5
configure:2923: $? = 0
configure:2944: result: o
configure:2948: checking whether we are using the GNU C compiler
configure:2967: cc -c   conftest.c >&5
configure:2967: $? = 0
configure:2976: result: yes
configure:2985: checking whether cc accepts -g
configure:3005: cc -c -g  conftest.c >&5
configure:3005: $? = 0
configure:3046: result: yes
configure:3063: checking for cc option to accept ISO C89
configure:3126: cc  -c -g -O2  conftest.c >&5
configure:3126: $? = 0
configure:3139: result: none needed
configure:3165: checking how to run the C preprocessor
configure:3196: cc -E  conftest.c
configure:3196: $? = 0
configure:3210: cc -E  conftest.c
conftest.c:9:28: fatal error: ac_nonexistent.h: No such file or directory
 #include <ac_nonexistent.h>
                            ^
compilation terminated.
configure:3210: $? = 1
configure: failed program was:
| /* confdefs.h */
| #define PACKAGE_NAME ""
| #define PACKAGE_TARNAME ""
| #define PACKAGE_VERSION ""
| #define PACKAGE_STRING ""
| #define PACKAGE_BUGREPORT ""
| #define PACKAGE_URL ""
| /* end confdefs.h.  */
| #include <ac_nonexistent.h>
configure:3235: result: cc -E
configure:3255: cc -E  conftest.c
configure:3255: $? = 0
configure:3269: cc -E  conftest.c
conftest.c:9:28: fatal error: ac_nonexistent.h: No such file or directory
 #include <ac_nonexistent.h>
                            ^
compilation terminated.
configure:3269: $? = 1
configure: failed program was:
| /* confdefs.h */
| #define PACKAGE_NAME ""
| #define PACKAGE_TARNAME ""
| #define PACKAGE_VERSION ""
| #define PACKAGE_STRING ""
| #define PACKAGE_BUGREPORT ""
| #define PACKAGE_URL ""
| /* end confdefs.h.  */
| #include <ac_nonexistent.h>
configure:3300: checking for icc
configure:3309: result: no
configure:3323: checking for suncc
configure:3332: result: no
configure:3350: checking whether cc understands -c and -o together
configure:3378: cc -c conftest.c -o conftest2.o >&5
configure:3382: $? = 0
configure:3388: cc -c conftest.c -o conftest2.o >&5
configure:3392: $? = 0
configure:3447: result: yes
configure:3461: checking for system library directory
configure:3476: result: lib
configure:3483: checking if compiler supports -R
configure:3502: cc -o conftest -g -O2   conftest.c -R /usr/lib  >&5
cc: error: unrecognized command line option '-R'
configure:3502: $? = 1
configure: failed program was:
| /* confdefs.h */
| #define PACKAGE_NAME ""
| #define PACKAGE_TARNAME ""
| #define PACKAGE_VERSION ""
| #define PACKAGE_STRING ""
| #define PACKAGE_BUGREPORT ""
| #define PACKAGE_URL ""
| /* end confdefs.h.  */
| 
| int
| main ()
| {
| 
|   ;
|   return 0;
| }
configure:3512: result: no
configure:3517: checking if compiler supports -Wl,-rpath,
configure:3536: cc -o conftest -g -O2   conftest.c -Wl,-rpath,/usr/lib  >&5
configure:3536: $? = 0
configure:3546: result: yes
configure:3591: checking build system type
configure:3605: result: x86_64-unknown-linux-gnu
configure:3625: checking host system type
configure:3638: result: x86_64-unknown-linux-gnu
configure:3658: checking target system type
configure:3671: result: x86_64-unknown-linux-gnu
configure:3774: checking for PHP prefix
configure:3776: result: /usr/local/php
configure:3778: checking for PHP includes
configure:3780: result: -I/usr/local/php/include/php -I/usr/local/php/include/php/main -I/usr/local/php/include/php/TSRM -I/usr/local/php/include/php/Zend -I/usr/local/php/include/php/ext -I/usr/local/php/include/php/ext/date/lib
configure:3782: checking for PHP extension directory
configure:3784: result: /usr/local/php/lib/php/extensions/no-debug-non-zts-20160303
configure:3786: checking for PHP installed headers prefix
configure:3788: result: /usr/local/php/include/php
configure:3791: checking if debug is enabled
configure:3817: result: no
configure:3820: checking if zts is enabled
configure:3846: result: no
configure:3917: checking for re2c
configure:3947: result: no
configure:3972: WARNING: You will need re2c 0.13.4 or later if you want to regenerate PHP parsers.
configure:3986: checking for gawk
configure:4003: found /usr/bin/gawk
configure:4014: result: gawk
configure:4057: checking whether to enable the imagick extension
configure:4097: result: yes, shared
configure:4151: checking for pkg-config
configure:4169: found /usr/bin/pkg-config
configure:4182: result: /usr/bin/pkg-config
configure:4200: checking ImageMagick MagickWand API configuration program
configure:4233: checking Testing /usr/local/bin/MagickWand-config
configure:4250: result: Doesn't exist
configure:4233: checking Testing /usr/bin/MagickWand-config
configure:4238: result: It exists
configure:4264: result: found in /usr/bin/MagickWand-config
configure:4281: checking if ImageMagick version is at least 6.2.4
configure:4284: result: found version 6.7.8 Q16 
configure:4296: checking for MagickWand.h or magick-wand.h header
configure:4348: result: /usr/include/ImageMagick/wand/MagickWand.h
configure:4391: checking PHP version is at least 5.1.3
configure:4409: result: yes. found 7.1.13
configure:4561: checking for MagickGetVersion
configure:4561: cc -o conftest -g -O2   conftest.c  -lMagickWand -lMagickCore   >&5
configure:4561: $? = 0
configure:4561: result: yes
configure:4590: checking for MagickSetImageInterpolateMethod
configure:4590: cc -o conftest -g -O2   conftest.c  -lMagickWand -lMagickCore   >&5
configure:4590: $? = 0
configure:4590: result: yes
configure:5032: checking for ld used by cc
configure:5099: result: /usr/bin/ld
configure:5106: checking if the linker (/usr/bin/ld) is GNU ld
configure:5121: result: yes
configure:5126: checking for /usr/bin/ld option to reload object files
configure:5133: result: -r
configure:5151: checking for BSD-compatible nm
configure:5200: result: /usr/bin/nm -B
configure:5204: checking whether ln -s works
configure:5208: result: yes
configure:5215: checking how to recognize dependent libraries
configure:5401: result: pass_all
configure:5486: cc -c -g -O2  conftest.c >&5
configure:5489: $? = 0
configure:5619: checking for ANSI C header files
configure:5639: cc -c -g -O2  conftest.c >&5
configure:5639: $? = 0
configure:5712: cc -o conftest -g -O2   conftest.c  >&5
configure:5712: $? = 0
configure:5712: ./conftest
configure:5712: $? = 0
configure:5723: result: yes
configure:5736: checking for sys/types.h
configure:5736: cc -c -g -O2  conftest.c >&5
configure:5736: $? = 0
configure:5736: result: yes
configure:5736: checking for sys/stat.h
configure:5736: cc -c -g -O2  conftest.c >&5
configure:5736: $? = 0
configure:5736: result: yes
configure:5736: checking for stdlib.h
configure:5736: cc -c -g -O2  conftest.c >&5
configure:5736: $? = 0
configure:5736: result: yes
configure:5736: checking for string.h
configure:5736: cc -c -g -O2  conftest.c >&5
configure:5736: $? = 0
configure:5736: result: yes
configure:5736: checking for memory.h
configure:5736: cc -c -g -O2  conftest.c >&5
configure:5736: $? = 0
configure:5736: result: yes
configure:5736: checking for strings.h
configure:5736: cc -c -g -O2  conftest.c >&5
configure:5736: $? = 0
configure:5736: result: yes
configure:5736: checking for inttypes.h
configure:5736: cc -c -g -O2  conftest.c >&5
configure:5736: $? = 0
configure:5736: result: yes
configure:5736: checking for stdint.h
configure:5736: cc -c -g -O2  conftest.c >&5
configure:5736: $? = 0
configure:5736: result: yes
configure:5736: checking for unistd.h
configure:5736: cc -c -g -O2  conftest.c >&5
configure:5736: $? = 0
configure:5736: result: yes
configure:5750: checking dlfcn.h usability
configure:5750: cc -c -g -O2  conftest.c >&5
configure:5750: $? = 0
configure:5750: result: yes
configure:5750: checking dlfcn.h presence
configure:5750: cc -E  conftest.c
configure:5750: $? = 0
configure:5750: result: yes
configure:5750: checking for dlfcn.h
configure:5750: result: yes
configure:5772: checking the maximum length of command line arguments
configure:5884: result: 1572864
configure:5896: checking command to parse /usr/bin/nm -B output from cc object
configure:6001: cc -c -g -O2  conftest.c >&5
configure:6004: $? = 0
configure:6008: /usr/bin/nm -B conftest.o \| sed -n -e 's/^.*[ 	]\([ABCDGIRSTW][ABCDGIRSTW]*\)[ 	][ 	]*\([_A-Za-z][_A-Za-z0-9]*\)$/\1 \2 \2/p' \> conftest.nm
configure:6011: $? = 0
configure:6063: cc -o conftest -g -O2   conftest.c conftstm.o >&5
configure:6066: $? = 0
configure:6104: result: ok
configure:6108: checking for objdir
configure:6123: result: .libs
configure:6215: checking for ar
configure:6231: found /usr/bin/ar
configure:6242: result: ar
configure:6307: checking for ranlib
configure:6323: found /usr/bin/ranlib
configure:6334: result: ranlib
configure:6399: checking for strip
configure:6415: found /usr/bin/strip
configure:6426: result: strip
configure:6995: checking if cc supports -fno-rtti -fno-exceptions
configure:7013: cc -c -g -O2  -fno-rtti -fno-exceptions conftest.c >&5
cc1: warning: command line option '-fno-rtti' is valid for C++/ObjC++ but not for C [enabled by default]
configure:7017: $? = 0
configure:7030: result: no
configure:7045: checking for cc option to produce PIC
configure:7285: result: -fPIC
configure:7293: checking if cc PIC flag -fPIC works
configure:7311: cc -c -g -O2  -fPIC -DPIC conftest.c >&5
configure:7315: $? = 0
configure:7328: result: yes
configure:7356: checking if cc static flag -static works
configure:7384: result: no
configure:7394: checking if cc supports -c -o file.o
configure:7415: cc -c -g -O2  -o out/conftest2.o conftest.c >&5
configure:7419: $? = 0
configure:7441: result: yes
configure:7467: checking whether the cc linker (/usr/bin/ld -m elf_x86_64) supports shared libraries
configure:8395: result: yes
configure:8416: checking whether -lc should be explicitly linked in
configure:8421: cc -c -g -O2  conftest.c >&5
configure:8424: $? = 0
configure:8439: cc -shared conftest.o  -v -Wl,-soname -Wl,conftest -o conftest 2\>\&1 \| grep  -lc  \>/dev/null 2\>\&1
configure:8442: $? = 0
configure:8454: result: no
configure:8462: checking dynamic linker characteristics
configure:9060: result: GNU/Linux ld.so
configure:9084: checking how to hardcode library paths into programs
configure:9109: result: immediate
configure:9123: checking whether stripping libraries is possible
configure:9128: result: yes
configure:9645: checking if libtool supports shared libraries
configure:9647: result: yes
configure:9650: checking whether to build shared libraries
configure:9671: result: yes
configure:9674: checking whether to build static libraries
configure:9678: result: no
configure:9773: result:
creating libtool
configure:13472: creating ./config.status

## ---------------------- ##
## Running config.status. ##
## ---------------------- ##

This file was extended by config.status, which was
generated by GNU Autoconf 2.69.  Invocation command line was

  CONFIG_FILES    = 
  CONFIG_HEADERS  = 
  CONFIG_LINKS    = 
  CONFIG_COMMANDS = 
  $ ./config.status 

on 65b0c56bfa9e

config.status:680: creating config.h

## ---------------- ##
## Cache variables. ##
## ---------------- ##

ac_cv_build=x86_64-unknown-linux-gnu
ac_cv_c_compiler_gnu=yes
ac_cv_env_CC_set=
ac_cv_env_CC_value=
ac_cv_env_CFLAGS_set=
ac_cv_env_CFLAGS_value=
ac_cv_env_CPPFLAGS_set=
ac_cv_env_CPPFLAGS_value=
ac_cv_env_CPP_set=
ac_cv_env_CPP_value=
ac_cv_env_LDFLAGS_set=
ac_cv_env_LDFLAGS_value=
ac_cv_env_LIBS_set=
ac_cv_env_LIBS_value=
ac_cv_env_build_alias_set=
ac_cv_env_build_alias_value=
ac_cv_env_host_alias_set=
ac_cv_env_host_alias_value=
ac_cv_env_target_alias_set=
ac_cv_env_target_alias_value=
ac_cv_func_MagickGetVersion=yes
ac_cv_func_MagickSetImageInterpolateMethod=yes
ac_cv_header_dlfcn_h=yes
ac_cv_header_inttypes_h=yes
ac_cv_header_memory_h=yes
ac_cv_header_stdc=yes
ac_cv_header_stdint_h=yes
ac_cv_header_stdlib_h=yes
ac_cv_header_string_h=yes
ac_cv_header_strings_h=yes
ac_cv_header_sys_stat_h=yes
ac_cv_header_sys_types_h=yes
ac_cv_header_unistd_h=yes
ac_cv_host=x86_64-unknown-linux-gnu
ac_cv_objext=o
ac_cv_path_EGREP='/usr/bin/grep -E'
ac_cv_path_GREP=/usr/bin/grep
ac_cv_path_PKG_CONFIG=/usr/bin/pkg-config
ac_cv_prog_AWK=gawk
ac_cv_prog_CPP='cc -E'
ac_cv_prog_ac_ct_AR=ar
ac_cv_prog_ac_ct_CC=cc
ac_cv_prog_ac_ct_RANLIB=ranlib
ac_cv_prog_ac_ct_STRIP=strip
ac_cv_prog_cc_c89=
ac_cv_prog_cc_cc_c_o=yes
ac_cv_prog_cc_g=yes
ac_cv_target=x86_64-unknown-linux-gnu
lt_cv_deplibs_check_method=pass_all
lt_cv_file_magic_cmd='$MAGIC_CMD'
lt_cv_file_magic_test_file=
lt_cv_ld_reload_flag=-r
lt_cv_objdir=.libs
lt_cv_path_LD=/usr/bin/ld
lt_cv_path_NM='/usr/bin/nm -B'
lt_cv_path_SED=/usr/bin/sed
lt_cv_prog_compiler_c_o=yes
lt_cv_prog_compiler_pic_works=yes
lt_cv_prog_compiler_rtti_exceptions=no
lt_cv_prog_compiler_static_works=no
lt_cv_prog_gnu_ld=yes
lt_cv_sys_global_symbol_pipe='sed -n -e '\''s/^.*[ 	]\([ABCDGIRSTW][ABCDGIRSTW]*\)[ 	][ 	]*\([_A-Za-z][_A-Za-z0-9]*\)$/\1 \2 \2/p'\'''
lt_cv_sys_global_symbol_to_c_name_address='sed -n -e '\''s/^: \([^ ]*\) $/  {\"\1\", (lt_ptr) 0},/p'\'' -e '\''s/^[BCDEGRST] \([^ ]*\) \([^ ]*\)$/  {"\2", (lt_ptr) \&\2},/p'\'''
lt_cv_sys_global_symbol_to_cdecl='sed -n -e '\''s/^. .* \(.*\)$/extern int \1;/p'\'''
lt_cv_sys_lib_dlsearch_path_spec='/lib /usr/lib '
lt_cv_sys_lib_search_path_spec='/usr/lib/gcc/x86_64-redhat-linux/4.8.5 /usr/lib64 /lib64'
lt_cv_sys_max_cmd_len=1572864
lt_lt_cv_prog_compiler_c_o='"yes"'
lt_lt_cv_sys_global_symbol_pipe='"sed -n -e '\''s/^.*[ 	]\\([ABCDGIRSTW][ABCDGIRSTW]*\\)[ 	][ 	]*\\([_A-Za-z][_A-Za-z0-9]*\\)\$/\\1 \\2 \\2/p'\''"'
lt_lt_cv_sys_global_symbol_to_c_name_address='"sed -n -e '\''s/^: \\([^ ]*\\) \$/  {\\\"\\1\\\", (lt_ptr) 0},/p'\'' -e '\''s/^[BCDEGRST] \\([^ ]*\\) \\([^ ]*\\)\$/  {\"\\2\", (lt_ptr) \\&\\2},/p'\''"'
lt_lt_cv_sys_global_symbol_to_cdecl='"sed -n -e '\''s/^. .* \\(.*\\)\$/extern int \\1;/p'\''"'
php_cv_cc_dashr=no
php_cv_cc_rpath=yes

## ----------------- ##
## Output variables. ##
## ----------------- ##

AR='ar'
AWK='gawk'
CC='cc'
CFLAGS='-g -O2'
CONFIGURE_COMMAND=' '\''./configure'\'' '
CONFIGURE_OPTIONS=''
CPP='cc -E'
CPPFLAGS=' -DHAVE_CONFIG_H'
DEFS='-DHAVE_CONFIG_H'
DSYMUTIL=''
ECHO='echo'
ECHO_C=''
ECHO_N='-n'
ECHO_T=''
EGREP='/usr/bin/grep -E'
EXEEXT=''
GREP='/usr/bin/grep'
LDFLAGS=''
LIBOBJS=''
LIBS=''
LIBTOOL='$(SHELL) $(top_builddir)/libtool'
LN_S='ln -s'
LTLIBOBJS=''
NMEDIT=''
OBJEXT='o'
PACKAGE_BUGREPORT=''
PACKAGE_NAME=''
PACKAGE_STRING=''
PACKAGE_TARNAME=''
PACKAGE_URL=''
PACKAGE_VERSION=''
PATH_SEPARATOR=':'
PKG_CONFIG='/usr/bin/pkg-config'
RANLIB='ranlib'
RE2C='exit 0;'
SED='/usr/bin/sed'
SHELL='/bin/sh'
SHLIB_DL_SUFFIX_NAME='so'
SHLIB_SUFFIX_NAME='so'
STRIP='strip'
ac_ct_CC='cc'
bindir='${exec_prefix}/bin'
build='x86_64-unknown-linux-gnu'
build_alias=''
build_cpu='x86_64'
build_os='linux-gnu'
build_vendor='unknown'
datadir='${datarootdir}'
datarootdir='${prefix}/share'
docdir='${datarootdir}/doc/${PACKAGE}'
dvidir='${docdir}'
exec_prefix='$(prefix)'
host='x86_64-unknown-linux-gnu'
host_alias='x86_64-unknown-linux-gnu'
host_cpu='x86_64'
host_os='linux-gnu'
host_vendor='unknown'
htmldir='${docdir}'
includedir='${prefix}/include'
infodir='${datarootdir}/info'
libdir='${exec_prefix}/lib'
libexecdir='${exec_prefix}/libexec'
localedir='${datarootdir}/locale'
localstatedir='${prefix}/var'
mandir='${datarootdir}/man'
oldincludedir='/usr/include'
pdfdir='${docdir}'
prefix='/usr/local/php'
program_transform_name='s,x,x,'
psdir='${docdir}'
sbindir='${exec_prefix}/sbin'
sharedstatedir='${prefix}/com'
sysconfdir='${prefix}/etc'
target='x86_64-unknown-linux-gnu'
target_alias=''
target_cpu='x86_64'
target_os='linux-gnu'
target_vendor='unknown'

## ----------- ##
## confdefs.h. ##
## ----------- ##

/* confdefs.h */
#define PACKAGE_NAME ""
#define PACKAGE_TARNAME ""
#define PACKAGE_VERSION ""
#define PACKAGE_STRING ""
#define PACKAGE_BUGREPORT ""
#define PACKAGE_URL ""
#define IM_MAGICKWAND_HEADER_STYLE_SIX 1
#define HAVE_MAGICKGETVERSION 1
#define HAVE_MAGICKSETIMAGEINTERPOLATEMETHOD 1
#define HAVE_IMAGICK 1
#define COMPILE_DL_IMAGICK 1
#define STDC_HEADERS 1
#define HAVE_SYS_TYPES_H 1
#define HAVE_SYS_STAT_H 1
#define HAVE_STDLIB_H 1
#define HAVE_STRING_H 1
#define HAVE_MEMORY_H 1
#define HAVE_STRINGS_H 1
#define HAVE_INTTYPES_H 1
#define HAVE_STDINT_H 1
#define HAVE_UNISTD_H 1
#define HAVE_DLFCN_H 1

configure: exit 0
