This file contains any messages produced by compilers while
running configure, to aid debugging if configure makes a mistake.

It was created by configure, which was
generated by GNU Autoconf 2.69.  Invocation command line was

  $ ./configure 

## --------- ##
## Platform. ##
## --------- ##

hostname = 65b0c56bfa9e
uname -m = x86_64
uname -r = 4.9.60-linuxkit-aufs
uname -s = Linux
uname -v = #1 SMP Mon Nov 6 16:00:12 UTC 2017

/usr/bin/uname -p = x86_64
/bin/uname -X     = unknown

/bin/arch              = x86_64
/usr/bin/arch -k       = unknown
/usr/convex/getsysinfo = unknown
/usr/bin/hostinfo      = unknown
/bin/machine           = unknown
/usr/bin/oslevel       = unknown
/bin/universe          = unknown

PATH: /usr/local/sbin
PATH: /usr/local/bin
PATH: /usr/sbin
PATH: /usr/bin
PATH: /sbin
PATH: /bin
PATH: /usr/local/php/bin


## ----------- ##
## Core tests. ##
## ----------- ##

configure:2483: checking for grep that handles long lines and -e
configure:2541: result: /usr/bin/grep
configure:2546: checking for egrep
configure:2608: result: /usr/bin/grep -E
configure:2613: checking for a sed that does not truncate output
configure:2667: result: /usr/bin/sed
configure:2804: checking for cc
configure:2820: found /usr/bin/cc
configure:2831: result: cc
configure:2862: checking for C compiler version
configure:2871: cc --version >&5
cc (GCC) 4.8.5 20150623 (Red Hat 4.8.5-16)
Copyright (C) 2015 Free Software Foundation, Inc.
This is free software; see the source for copying conditions.  There is NO
warranty; not even for MERCHANTABILITY or FITNESS FOR A PARTICULAR PURPOSE.

configure:2882: $? = 0
configure:2871: cc -v >&5
Using built-in specs.
COLLECT_GCC=cc
COLLECT_LTO_WRAPPER=/usr/libexec/gcc/x86_64-redhat-linux/4.8.5/lto-wrapper
Target: x86_64-redhat-linux
Configured with: ../configure --prefix=/usr --mandir=/usr/share/man --infodir=/usr/share/info --with-bugurl=http://bugzilla.redhat.com/bugzilla --enable-bootstrap --enable-shared --enable-threads=posix --enable-checking=release --with-system-zlib --enable-__cxa_atexit --disable-libunwind-exceptions --enable-gnu-unique-object --enable-linker-build-id --with-linker-hash-style=gnu --enable-languages=c,c++,objc,obj-c++,java,fortran,ada,go,lto --enable-plugin --enable-initfini-array --disable-libgcj --with-isl=/builddir/build/BUILD/gcc-4.8.5-20150702/obj-x86_64-redhat-linux/isl-install --with-cloog=/builddir/build/BUILD/gcc-4.8.5-20150702/obj-x86_64-redhat-linux/cloog-install --enable-gnu-indirect-function --with-tune=generic --with-arch_32=x86-64 --build=x86_64-redhat-linux
Thread model: posix
gcc version 4.8.5 20150623 (Red Hat 4.8.5-16) (GCC) 
configure:2882: $? = 0
configure:2871: cc -V >&5
cc: error: unrecognized command line option '-V'
cc: fatal error: no input files
compilation terminated.
configure:2882: $? = 4
configure:2871: cc -qversion >&5
cc: error: unrecognized command line option '-qversion'
cc: fatal error: no input files
compilation terminated.
configure:2882: $? = 4
configure:2902: checking whether the C compiler works
configure:2924: cc    conftest.c  >&5
configure:2928: $? = 0
configure:2976: result: yes
configure:2979: checking for C compiler default output file name
configure:2981: result: a.out
configure:2987: checking for suffix of executables
configure:2994: cc -o conftest    conftest.c  >&5
configure:2998: $? = 0
configure:3020: result: 
configure:3042: checking whether we are cross compiling
configure:3050: cc -o conftest    conftest.c  >&5
configure:3054: $? = 0
configure:3061: ./conftest
configure:3065: $? = 0
configure:3080: result: no
configure:3085: checking for suffix of object files
configure:3107: cc -c   conftest.c >&5
configure:3111: $? = 0
configure:3132: result: o
configure:3136: checking whether we are using the GNU C compiler
configure:3155: cc -c   conftest.c >&5
configure:3155: $? = 0
configure:3164: result: yes
configure:3173: checking whether cc accepts -g
configure:3193: cc -c -g  conftest.c >&5
configure:3193: $? = 0
configure:3234: result: yes
configure:3251: checking for cc option to accept ISO C89
configure:3314: cc  -c -g -O2  conftest.c >&5
configure:3314: $? = 0
configure:3327: result: none needed
configure:3353: checking how to run the C preprocessor
configure:3384: cc -E  conftest.c
configure:3384: $? = 0
configure:3398: cc -E  conftest.c
conftest.c:9:28: fatal error: ac_nonexistent.h: No such file or directory
 #include <ac_nonexistent.h>
                            ^
compilation terminated.
configure:3398: $? = 1
configure: failed program was:
| /* confdefs.h */
| #define PACKAGE_NAME ""
| #define PACKAGE_TARNAME ""
| #define PACKAGE_VERSION ""
| #define PACKAGE_STRING ""
| #define PACKAGE_BUGREPORT ""
| #define PACKAGE_URL ""
| /* end confdefs.h.  */
| #include <ac_nonexistent.h>
configure:3423: result: cc -E
configure:3443: cc -E  conftest.c
configure:3443: $? = 0
configure:3457: cc -E  conftest.c
conftest.c:9:28: fatal error: ac_nonexistent.h: No such file or directory
 #include <ac_nonexistent.h>
                            ^
compilation terminated.
configure:3457: $? = 1
configure: failed program was:
| /* confdefs.h */
| #define PACKAGE_NAME ""
| #define PACKAGE_TARNAME ""
| #define PACKAGE_VERSION ""
| #define PACKAGE_STRING ""
| #define PACKAGE_BUGREPORT ""
| #define PACKAGE_URL ""
| /* end confdefs.h.  */
| #include <ac_nonexistent.h>
configure:3488: checking for icc
configure:3497: result: no
configure:3511: checking for suncc
configure:3520: result: no
configure:3538: checking whether cc understands -c and -o together
configure:3566: cc -c conftest.c -o conftest2.o >&5
configure:3570: $? = 0
configure:3576: cc -c conftest.c -o conftest2.o >&5
configure:3580: $? = 0
configure:3635: result: yes
configure:3649: checking for system library directory
configure:3664: result: lib
configure:3671: checking if compiler supports -R
configure:3690: cc -o conftest -g -O2   conftest.c -R /usr/lib  >&5
cc: error: unrecognized command line option '-R'
configure:3690: $? = 1
configure: failed program was:
| /* confdefs.h */
| #define PACKAGE_NAME ""
| #define PACKAGE_TARNAME ""
| #define PACKAGE_VERSION ""
| #define PACKAGE_STRING ""
| #define PACKAGE_BUGREPORT ""
| #define PACKAGE_URL ""
| /* end confdefs.h.  */
| 
| int
| main ()
| {
| 
|   ;
|   return 0;
| }
configure:3700: result: no
configure:3705: checking if compiler supports -Wl,-rpath,
configure:3724: cc -o conftest -g -O2   conftest.c -Wl,-rpath,/usr/lib  >&5
configure:3724: $? = 0
configure:3734: result: yes
configure:3779: checking build system type
configure:3793: result: x86_64-unknown-linux-gnu
configure:3813: checking host system type
configure:3826: result: x86_64-unknown-linux-gnu
configure:3846: checking target system type
configure:3859: result: x86_64-unknown-linux-gnu
configure:3962: checking for PHP prefix
configure:3964: result: /usr/local/php
configure:3966: checking for PHP includes
configure:3968: result: -I/usr/local/php/include/php -I/usr/local/php/include/php/main -I/usr/local/php/include/php/TSRM -I/usr/local/php/include/php/Zend -I/usr/local/php/include/php/ext -I/usr/local/php/include/php/ext/date/lib
configure:3970: checking for PHP extension directory
configure:3972: result: /usr/local/php/lib/php/extensions/no-debug-non-zts-20160303
configure:3974: checking for PHP installed headers prefix
configure:3976: result: /usr/local/php/include/php
configure:3979: checking if debug is enabled
configure:4005: result: no
configure:4008: checking if zts is enabled
configure:4034: result: no
configure:4105: checking for re2c
configure:4135: result: no
configure:4160: WARNING: You will need re2c 0.13.4 or later if you want to regenerate PHP parsers.
configure:4174: checking for gawk
configure:4191: found /usr/bin/gawk
configure:4202: result: gawk
configure:4245: checking whether to enable mongodb support
configure:4284: result: yes, shared
configure:4292: checking OpenSSL dir for mongodb
configure:4307: result: yes
configure:4315: checking whether to use system default cipher list instead of hardcoded value
configure:4330: result: no
configure:4350: checking PHP version
configure:4354: result: 70113
configure:4361: checking whether to enable developer build flags
configure:4375: result: no
configure:5231: checking whether to enable code coverage
configure:5245: result: no
configure:5377: checking whether to use system libbson
configure:5392: result: no
configure:5400: checking whether to use system libmongoc
configure:5415: result: no
configure:5705: checking configuring libmongoc
configure:5707: result: ...
configure:5979: checking for pkg-config
configure:5997: found /usr/bin/pkg-config
configure:6010: result: /usr/bin/pkg-config
configure:6708: checking for socklen_t
configure:6708: cc -c -g -O2  conftest.c >&5
configure:6708: $? = 0
configure:6708: cc -c -g -O2  conftest.c >&5
conftest.c: In function 'main':
conftest.c:14:24: error: expected expression before ')' token
 if (sizeof ((socklen_t)))
                        ^
configure:6708: $? = 1
configure: failed program was:
| /* confdefs.h */
| #define PACKAGE_NAME ""
| #define PACKAGE_TARNAME ""
| #define PACKAGE_VERSION ""
| #define PACKAGE_STRING ""
| #define PACKAGE_BUGREPORT ""
| #define PACKAGE_URL ""
| /* end confdefs.h.  */
| #include <sys/socket.h>
| 
| int
| main ()
| {
| if (sizeof ((socklen_t)))
| 	    return 0;
|   ;
|   return 0;
| }
configure:6708: result: yes
configure:6731: checking for Cyrus SASL support
configure:6746: result: auto
configure:6764: checking for SASL
configure:6769: result: found in /usr
configure:6880: checking for sasl_version in -lsasl2
configure:6905: cc -o conftest -g -O2   conftest.c -lsasl2   >&5
configure:6905: $? = 0
configure:6914: result: yes
configure:7164: checking for sasl_client_done in -lsasl2
configure:7189: cc -o conftest -g -O2   conftest.c -lsasl2   >&5
configure:7189: $? = 0
configure:7198: result: yes
configure:7432: checking for gcc
configure:7459: result: cc
configure:7688: checking for C compiler version
configure:7697: cc --version >&5
cc (GCC) 4.8.5 20150623 (Red Hat 4.8.5-16)
Copyright (C) 2015 Free Software Foundation, Inc.
This is free software; see the source for copying conditions.  There is NO
warranty; not even for MERCHANTABILITY or FITNESS FOR A PARTICULAR PURPOSE.

configure:7708: $? = 0
configure:7697: cc -v >&5
Using built-in specs.
COLLECT_GCC=cc
COLLECT_LTO_WRAPPER=/usr/libexec/gcc/x86_64-redhat-linux/4.8.5/lto-wrapper
Target: x86_64-redhat-linux
Configured with: ../configure --prefix=/usr --mandir=/usr/share/man --infodir=/usr/share/info --with-bugurl=http://bugzilla.redhat.com/bugzilla --enable-bootstrap --enable-shared --enable-threads=posix --enable-checking=release --with-system-zlib --enable-__cxa_atexit --disable-libunwind-exceptions --enable-gnu-unique-object --enable-linker-build-id --with-linker-hash-style=gnu --enable-languages=c,c++,objc,obj-c++,java,fortran,ada,go,lto --enable-plugin --enable-initfini-array --disable-libgcj --with-isl=/builddir/build/BUILD/gcc-4.8.5-20150702/obj-x86_64-redhat-linux/isl-install --with-cloog=/builddir/build/BUILD/gcc-4.8.5-20150702/obj-x86_64-redhat-linux/cloog-install --enable-gnu-indirect-function --with-tune=generic --with-arch_32=x86-64 --build=x86_64-redhat-linux
Thread model: posix
gcc version 4.8.5 20150623 (Red Hat 4.8.5-16) (GCC) 
configure:7708: $? = 0
configure:7697: cc -V >&5
cc: error: unrecognized command line option '-V'
cc: fatal error: no input files
compilation terminated.
configure:7708: $? = 4
configure:7697: cc -qversion >&5
cc: error: unrecognized command line option '-qversion'
cc: fatal error: no input files
compilation terminated.
configure:7708: $? = 4
configure:7712: checking whether we are using the GNU C compiler
configure:7740: result: yes
configure:7749: checking whether cc accepts -g
configure:7810: result: yes
configure:7827: checking for cc option to accept ISO C89
configure:7903: result: none needed
configure:7981: checking for g++
configure:7997: found /usr/bin/g++
configure:8008: result: g++
configure:8035: checking for C++ compiler version
configure:8044: g++ --version >&5
g++ (GCC) 4.8.5 20150623 (Red Hat 4.8.5-16)
Copyright (C) 2015 Free Software Foundation, Inc.
This is free software; see the source for copying conditions.  There is NO
warranty; not even for MERCHANTABILITY or FITNESS FOR A PARTICULAR PURPOSE.

configure:8055: $? = 0
configure:8044: g++ -v >&5
Using built-in specs.
COLLECT_GCC=g++
COLLECT_LTO_WRAPPER=/usr/libexec/gcc/x86_64-redhat-linux/4.8.5/lto-wrapper
Target: x86_64-redhat-linux
Configured with: ../configure --prefix=/usr --mandir=/usr/share/man --infodir=/usr/share/info --with-bugurl=http://bugzilla.redhat.com/bugzilla --enable-bootstrap --enable-shared --enable-threads=posix --enable-checking=release --with-system-zlib --enable-__cxa_atexit --disable-libunwind-exceptions --enable-gnu-unique-object --enable-linker-build-id --with-linker-hash-style=gnu --enable-languages=c,c++,objc,obj-c++,java,fortran,ada,go,lto --enable-plugin --enable-initfini-array --disable-libgcj --with-isl=/builddir/build/BUILD/gcc-4.8.5-20150702/obj-x86_64-redhat-linux/isl-install --with-cloog=/builddir/build/BUILD/gcc-4.8.5-20150702/obj-x86_64-redhat-linux/cloog-install --enable-gnu-indirect-function --with-tune=generic --with-arch_32=x86-64 --build=x86_64-redhat-linux
Thread model: posix
gcc version 4.8.5 20150623 (Red Hat 4.8.5-16) (GCC) 
configure:8055: $? = 0
configure:8044: g++ -V >&5
g++: error: unrecognized command line option '-V'
g++: fatal error: no input files
compilation terminated.
configure:8055: $? = 4
configure:8044: g++ -qversion >&5
g++: error: unrecognized command line option '-qversion'
g++: fatal error: no input files
compilation terminated.
configure:8055: $? = 4
configure:8059: checking whether we are using the GNU C++ compiler
configure:8078: g++ -c   conftest.cpp >&5
configure:8078: $? = 0
configure:8087: result: yes
configure:8096: checking whether g++ accepts -g
configure:8116: g++ -c -g  conftest.cpp >&5
configure:8116: $? = 0
configure:8157: result: yes
configure:8212: cc -c -g -O2  conftest.c >&5
configure:8212: $? = 0
configure:8236: cc -c -g -O2  conftest.c >&5
configure:8236: $? = 0
configure:8255: cc -c -g -O2  conftest.c >&5
conftest.c:11:2: error: #error Not a supported Sun compiler
 #error Not a supported Sun compiler
  ^
configure:8255: $? = 1
configure: failed program was:
| /* confdefs.h */
| #define PACKAGE_NAME ""
| #define PACKAGE_TARNAME ""
| #define PACKAGE_VERSION ""
| #define PACKAGE_STRING ""
| #define PACKAGE_BUGREPORT ""
| #define PACKAGE_URL ""
| /* end confdefs.h.  */
| 
| #if !(defined(__SUNPRO_C))
| #error Not a supported Sun compiler
| #endif
| 
| int
| main ()
| {
| 
|   ;
|   return 0;
| }
configure:8281: checking accept ARG2 => struct sockaddr ARG3 => socklen_t 
configure:8301: cc -c -g -O2  -Werror conftest.c >&5
configure:8301: $? = 0
configure:8304: result: ok
configure:8707: cc -c -g -O2  conftest.c >&5
configure:8707: $? = 0
configure:8715: checking for an ANSI C-conforming const
configure:8781: cc -c -g -O2  conftest.c >&5
configure:8781: $? = 0
configure:8788: result: yes
configure:8796: checking for inline
configure:8812: cc -c -g -O2  conftest.c >&5
configure:8812: $? = 0
configure:8820: result: inline
configure:8839: checking for typeof syntax and keyword spelling
configure:8870: cc -c -g -O2  conftest.c >&5
configure:8870: $? = 0
configure:8877: result: typeof
configure:8893: checking if weak symbols are supported
configure:8910: cc -o conftest -g -O2   conftest.c  >&5
configure:8910: $? = 0
configure:8911: result: yes
configure:9140: checking if compiler needs -Werror to reject unknown flags
configure:9156: cc -c -g -O2 -Werror -Wunknown-warning-option -Wsizeof-array-argument  conftest.c >&5
cc: error: unrecognized command line option '-Wunknown-warning-option'
cc: error: unrecognized command line option '-Wsizeof-array-argument'
configure:9156: $? = 1
configure: failed program was:
| /* confdefs.h */
| #define PACKAGE_NAME ""
| #define PACKAGE_TARNAME ""
| #define PACKAGE_VERSION ""
| #define PACKAGE_STRING ""
| #define PACKAGE_BUGREPORT ""
| #define PACKAGE_URL ""
| #define ACCEPT_ARG2 struct sockaddr
| #define ACCEPT_ARG3 socklen_t
| #define HAVE_TYPEOF 1
| /* end confdefs.h.  */
| int foo(void);
| int
| main ()
| {
| foo()
|   ;
|   return 0;
| }
configure:9161: result: no
configure:9227: checking for the pthreads library -lpthreads
configure:9265: cc -o conftest -g -O2     conftest.c -lpthreads  >&5
/usr/bin/ld: cannot find -lpthreads
collect2: error: ld returned 1 exit status
configure:9265: $? = 1
configure: failed program was:
| /* confdefs.h */
| #define PACKAGE_NAME ""
| #define PACKAGE_TARNAME ""
| #define PACKAGE_VERSION ""
| #define PACKAGE_STRING ""
| #define PACKAGE_BUGREPORT ""
| #define PACKAGE_URL ""
| #define ACCEPT_ARG2 struct sockaddr
| #define ACCEPT_ARG3 socklen_t
| #define HAVE_TYPEOF 1
| /* end confdefs.h.  */
| #include <pthread.h>
|                         static void routine(void *a) { a = 0; }
|                         static void *start_routine(void *a) { return a; }
| int
| main ()
| {
| pthread_t th; pthread_attr_t attr;
|                         pthread_create(&th, 0, start_routine, 0);
|                         pthread_join(th, 0);
|                         pthread_attr_init(&attr);
|                         pthread_cleanup_push(routine, 0);
|                         pthread_cleanup_pop(0) /* ; */
|   ;
|   return 0;
| }
configure:9274: result: no
configure:9172: checking whether pthreads work without any flags
configure:9265: cc -o conftest -g -O2     conftest.c   >&5
/tmp/ccymb6yO.o: In function `main':
/tmp/phpext/mongodb-1.3.4/conftest.c:19: undefined reference to `pthread_create'
/tmp/phpext/mongodb-1.3.4/conftest.c:20: undefined reference to `pthread_join'
/tmp/phpext/mongodb-1.3.4/conftest.c:22: undefined reference to `__pthread_register_cancel'
/tmp/phpext/mongodb-1.3.4/conftest.c:23: undefined reference to `__pthread_unregister_cancel'
collect2: error: ld returned 1 exit status
configure:9265: $? = 1
configure: failed program was:
| /* confdefs.h */
| #define PACKAGE_NAME ""
| #define PACKAGE_TARNAME ""
| #define PACKAGE_VERSION ""
| #define PACKAGE_STRING ""
| #define PACKAGE_BUGREPORT ""
| #define PACKAGE_URL ""
| #define ACCEPT_ARG2 struct sockaddr
| #define ACCEPT_ARG3 socklen_t
| #define HAVE_TYPEOF 1
| /* end confdefs.h.  */
| #include <pthread.h>
|                         static void routine(void *a) { a = 0; }
|                         static void *start_routine(void *a) { return a; }
| int
| main ()
| {
| pthread_t th; pthread_attr_t attr;
|                         pthread_create(&th, 0, start_routine, 0);
|                         pthread_join(th, 0);
|                         pthread_attr_init(&attr);
|                         pthread_cleanup_push(routine, 0);
|                         pthread_cleanup_pop(0) /* ; */
|   ;
|   return 0;
| }
configure:9274: result: no
configure:9177: checking whether pthreads work with -Kthread
configure:9265: cc -o conftest -g -O2 -Kthread    conftest.c   >&5
cc: error: unrecognized command line option '-Kthread'
configure:9265: $? = 1
configure: failed program was:
| /* confdefs.h */
| #define PACKAGE_NAME ""
| #define PACKAGE_TARNAME ""
| #define PACKAGE_VERSION ""
| #define PACKAGE_STRING ""
| #define PACKAGE_BUGREPORT ""
| #define PACKAGE_URL ""
| #define ACCEPT_ARG2 struct sockaddr
| #define ACCEPT_ARG3 socklen_t
| #define HAVE_TYPEOF 1
| /* end confdefs.h.  */
| #include <pthread.h>
|                         static void routine(void *a) { a = 0; }
|                         static void *start_routine(void *a) { return a; }
| int
| main ()
| {
| pthread_t th; pthread_attr_t attr;
|                         pthread_create(&th, 0, start_routine, 0);
|                         pthread_join(th, 0);
|                         pthread_attr_init(&attr);
|                         pthread_cleanup_push(routine, 0);
|                         pthread_cleanup_pop(0) /* ; */
|   ;
|   return 0;
| }
configure:9274: result: no
configure:9177: checking whether pthreads work with -kthread
configure:9265: cc -o conftest -g -O2 -kthread    conftest.c   >&5
cc: error: unrecognized command line option '-kthread'
configure:9265: $? = 1
configure: failed program was:
| /* confdefs.h */
| #define PACKAGE_NAME ""
| #define PACKAGE_TARNAME ""
| #define PACKAGE_VERSION ""
| #define PACKAGE_STRING ""
| #define PACKAGE_BUGREPORT ""
| #define PACKAGE_URL ""
| #define ACCEPT_ARG2 struct sockaddr
| #define ACCEPT_ARG3 socklen_t
| #define HAVE_TYPEOF 1
| /* end confdefs.h.  */
| #include <pthread.h>
|                         static void routine(void *a) { a = 0; }
|                         static void *start_routine(void *a) { return a; }
| int
| main ()
| {
| pthread_t th; pthread_attr_t attr;
|                         pthread_create(&th, 0, start_routine, 0);
|                         pthread_join(th, 0);
|                         pthread_attr_init(&attr);
|                         pthread_cleanup_push(routine, 0);
|                         pthread_cleanup_pop(0) /* ; */
|   ;
|   return 0;
| }
configure:9274: result: no
configure:9227: checking for the pthreads library -llthread
configure:9265: cc -o conftest -g -O2     conftest.c -llthread  >&5
/usr/bin/ld: cannot find -llthread
collect2: error: ld returned 1 exit status
configure:9265: $? = 1
configure: failed program was:
| /* confdefs.h */
| #define PACKAGE_NAME ""
| #define PACKAGE_TARNAME ""
| #define PACKAGE_VERSION ""
| #define PACKAGE_STRING ""
| #define PACKAGE_BUGREPORT ""
| #define PACKAGE_URL ""
| #define ACCEPT_ARG2 struct sockaddr
| #define ACCEPT_ARG3 socklen_t
| #define HAVE_TYPEOF 1
| /* end confdefs.h.  */
| #include <pthread.h>
|                         static void routine(void *a) { a = 0; }
|                         static void *start_routine(void *a) { return a; }
| int
| main ()
| {
| pthread_t th; pthread_attr_t attr;
|                         pthread_create(&th, 0, start_routine, 0);
|                         pthread_join(th, 0);
|                         pthread_attr_init(&attr);
|                         pthread_cleanup_push(routine, 0);
|                         pthread_cleanup_pop(0) /* ; */
|   ;
|   return 0;
| }
configure:9274: result: no
configure:9177: checking whether pthreads work with -pthread
configure:9265: cc -o conftest -g -O2 -pthread    conftest.c   >&5
configure:9265: $? = 0
configure:9274: result: yes
configure:9293: checking for joinable pthread attribute
configure:9308: cc -o conftest -g -O2 -pthread   conftest.c   >&5
configure:9308: $? = 0
configure:9314: result: PTHREAD_CREATE_JOINABLE
configure:9324: checking if more special flags are required for pthreads
configure:9339: result: no
configure:9345: checking for PTHREAD_PRIO_INHERIT
configure:9362: cc -o conftest -g -O2 -pthread   conftest.c   >&5
configure:9362: $? = 0
configure:9371: result: yes
configure:9473: checking for shm_open
configure:9473: cc -o conftest -g -O2   conftest.c  >&5
/tmp/ccBzmoEY.o: In function `main':
/tmp/phpext/mongodb-1.3.4/conftest.c:48: undefined reference to `shm_open'
collect2: error: ld returned 1 exit status
configure:9473: $? = 1
configure: failed program was:
| /* confdefs.h */
| #define PACKAGE_NAME ""
| #define PACKAGE_TARNAME ""
| #define PACKAGE_VERSION ""
| #define PACKAGE_STRING ""
| #define PACKAGE_BUGREPORT ""
| #define PACKAGE_URL ""
| #define ACCEPT_ARG2 struct sockaddr
| #define ACCEPT_ARG3 socklen_t
| #define HAVE_TYPEOF 1
| #define HAVE_PTHREAD_PRIO_INHERIT 1
| #define HAVE_PTHREAD 1
| /* end confdefs.h.  */
| /* Define shm_open to an innocuous variant, in case <limits.h> declares shm_open.
|    For example, HP-UX 11i <limits.h> declares gettimeofday.  */
| #define shm_open innocuous_shm_open
| 
| /* System header to define __stub macros and hopefully few prototypes,
|     which can conflict with char shm_open (); below.
|     Prefer <limits.h> to <assert.h> if __STDC__ is defined, since
|     <limits.h> exists even on freestanding compilers.  */
| 
| #ifdef __STDC__
| # include <limits.h>
| #else
| # include <assert.h>
| #endif
| 
| #undef shm_open
| 
| /* Override any GCC internal prototype to avoid an error.
|    Use char because int might match the return type of a GCC
|    builtin and then its argument prototype would still apply.  */
| #ifdef __cplusplus
| extern "C"
| #endif
| char shm_open ();
| /* The GNU C library defines this for functions which it implements
|     to always fail with ENOSYS.  Some functions are actually named
|     something starting with __ and the normal name is an alias.  */
| #if defined __stub_shm_open || defined __stub___shm_open
| choke me
| #endif
| 
| int
| main ()
| {
| return shm_open ();
|   ;
|   return 0;
| }
configure:9473: result: no
configure:9480: checking for shm_open in -lrt
configure:9505: cc -o conftest -g -O2   conftest.c -lrt   >&5
configure:9505: $? = 0
configure:9514: result: yes
configure:10136: checking for __sync_add_and_fetch_4
configure:10149: cc -o conftest -g -O2   conftest.c  >&5
configure:10149: $? = 0
configure:10150: result: yes
configure:10168: checking for __sync_add_and_fetch_8
configure:10181: cc -o conftest -g -O2   conftest.c  >&5
configure:10181: $? = 0
configure:10182: result: yes
configure:10209: checking for strnlen
configure:10228: cc -c -g -O2  conftest.c >&5
conftest.c:17:5: error: conflicting types for 'strnlen'
 int strnlen () { return 0; }
     ^
In file included from conftest.c:16:0:
/usr/include/string.h:402:15: note: previous declaration of 'strnlen' was here
 extern size_t strnlen (const char *__string, size_t __maxlen)
               ^
configure:10228: $? = 1
configure: failed program was:
| /* confdefs.h */
| #define PACKAGE_NAME ""
| #define PACKAGE_TARNAME ""
| #define PACKAGE_VERSION ""
| #define PACKAGE_STRING ""
| #define PACKAGE_BUGREPORT ""
| #define PACKAGE_URL ""
| #define ACCEPT_ARG2 struct sockaddr
| #define ACCEPT_ARG3 socklen_t
| #define HAVE_TYPEOF 1
| #define HAVE_PTHREAD_PRIO_INHERIT 1
| #define HAVE_PTHREAD 1
| #define COMPILE_DL_MONGODB 1
| /* end confdefs.h.  */
| 
| #include <string.h>
| int strnlen () { return 0; }
| 
| int
| main ()
| {
| 
|   ;
|   return 0;
| }
configure:10235: result: yes
configure:10245: checking for reallocf
configure:10264: cc -c -g -O2  conftest.c >&5
configure:10264: $? = 0
configure:10271: result: no
configure:10281: checking for syscall
configure:10301: cc -c -g -O2  conftest.c >&5
conftest.c:18:5: error: conflicting types for 'syscall'
 int syscall () { return 0; }
     ^
In file included from conftest.c:16:0:
/usr/include/unistd.h:1080:17: note: previous declaration of 'syscall' was here
 extern long int syscall (long int __sysno, ...) __THROW;
                 ^
configure:10301: $? = 1
configure: failed program was:
| /* confdefs.h */
| #define PACKAGE_NAME ""
| #define PACKAGE_TARNAME ""
| #define PACKAGE_VERSION ""
| #define PACKAGE_STRING ""
| #define PACKAGE_BUGREPORT ""
| #define PACKAGE_URL ""
| #define ACCEPT_ARG2 struct sockaddr
| #define ACCEPT_ARG3 socklen_t
| #define HAVE_TYPEOF 1
| #define HAVE_PTHREAD_PRIO_INHERIT 1
| #define HAVE_PTHREAD 1
| #define COMPILE_DL_MONGODB 1
| /* end confdefs.h.  */
| 
| #include <unistd.h>
| #include <sys/syscall.h>
| int syscall () { return 0; }
| 
| int
| main ()
| {
| 
|   ;
|   return 0;
| }
configure:10308: result: yes
configure:10311: checking for SYS_gettid
configure:10331: cc -c -g -O2  conftest.c >&5
configure:10331: $? = 0
configure:10338: result: yes
configure:10349: checking for snprintf
configure:10349: cc -o conftest -g -O2   conftest.c  >&5
conftest.c:38:6: warning: conflicting types for built-in function 'snprintf' [enabled by default]
 char snprintf ();
      ^
configure:10349: $? = 0
configure:10349: result: yes
configure:10359: checking for struct timespec
configure:10359: cc -c -g -O2  conftest.c >&5
configure:10359: $? = 0
configure:10359: cc -c -g -O2  conftest.c >&5
conftest.c: In function 'main':
conftest.c:20:30: error: expected expression before ')' token
 if (sizeof ((struct timespec)))
                              ^
configure:10359: $? = 1
configure: failed program was:
| /* confdefs.h */
| #define PACKAGE_NAME ""
| #define PACKAGE_TARNAME ""
| #define PACKAGE_VERSION ""
| #define PACKAGE_STRING ""
| #define PACKAGE_BUGREPORT ""
| #define PACKAGE_URL ""
| #define ACCEPT_ARG2 struct sockaddr
| #define ACCEPT_ARG3 socklen_t
| #define HAVE_TYPEOF 1
| #define HAVE_PTHREAD_PRIO_INHERIT 1
| #define HAVE_PTHREAD 1
| #define COMPILE_DL_MONGODB 1
| /* end confdefs.h.  */
| #include <time.h>
| 
| int
| main ()
| {
| if (sizeof ((struct timespec)))
| 	    return 0;
|   ;
|   return 0;
| }
configure:10359: result: yes
configure:10370: checking for library containing clock_gettime
configure:10401: cc -o conftest -g -O2   conftest.c  >&5
configure:10401: $? = 0
configure:10418: result: none required
configure:10428: checking for library containing floor
configure:10459: cc -o conftest -g -O2   conftest.c  >&5
conftest.c:22:6: warning: conflicting types for built-in function 'floor' [enabled by default]
 char floor ();
      ^
/tmp/ccwNMXHn.o: In function `main':
/tmp/phpext/mongodb-1.3.4/conftest.c:26: undefined reference to `floor'
collect2: error: ld returned 1 exit status
configure:10459: $? = 1
configure: failed program was:
| /* confdefs.h */
| #define PACKAGE_NAME ""
| #define PACKAGE_TARNAME ""
| #define PACKAGE_VERSION ""
| #define PACKAGE_STRING ""
| #define PACKAGE_BUGREPORT ""
| #define PACKAGE_URL ""
| #define ACCEPT_ARG2 struct sockaddr
| #define ACCEPT_ARG3 socklen_t
| #define HAVE_TYPEOF 1
| #define HAVE_PTHREAD_PRIO_INHERIT 1
| #define HAVE_PTHREAD 1
| #define COMPILE_DL_MONGODB 1
| /* end confdefs.h.  */
| 
| /* Override any GCC internal prototype to avoid an error.
|    Use char because int might match the return type of a GCC
|    builtin and then its argument prototype would still apply.  */
| #ifdef __cplusplus
| extern "C"
| #endif
| char floor ();
| int
| main ()
| {
| return floor ();
|   ;
|   return 0;
| }
configure:10459: cc -o conftest -g -O2   conftest.c -lm   >&5
conftest.c:22:6: warning: conflicting types for built-in function 'floor' [enabled by default]
 char floor ();
      ^
configure:10459: $? = 0
configure:10476: result: -lm
configure:10488: checking for gmtime_r
configure:10488: cc -o conftest -g -O2   conftest.c -lm  >&5
configure:10488: $? = 0
configure:10488: result: yes
configure:10520: checking for pthread_join in LIBS= with CFLAGS=-pthread
configure:10540: cc -o conftest -g -O2 -pthread   conftest.c  -lm  >&5
configure:10540: $? = 0
configure:10545: result: yes
configure:10610: checking if compiler needs -Werror to reject unknown flags
configure:10626: cc -c -g -O2 -Werror -Wunknown-warning-option -Wsizeof-array-argument  conftest.c >&5
cc: error: unrecognized command line option '-Wunknown-warning-option'
cc: error: unrecognized command line option '-Wsizeof-array-argument'
configure:10626: $? = 1
configure: failed program was:
| /* confdefs.h */
| #define PACKAGE_NAME ""
| #define PACKAGE_TARNAME ""
| #define PACKAGE_VERSION ""
| #define PACKAGE_STRING ""
| #define PACKAGE_BUGREPORT ""
| #define PACKAGE_URL ""
| #define ACCEPT_ARG2 struct sockaddr
| #define ACCEPT_ARG3 socklen_t
| #define HAVE_TYPEOF 1
| #define HAVE_PTHREAD_PRIO_INHERIT 1
| #define HAVE_PTHREAD 1
| #define COMPILE_DL_MONGODB 1
| /* end confdefs.h.  */
| int foo(void);
| int
| main ()
| {
| foo()
|   ;
|   return 0;
| }
configure:10631: result: no
configure:10763: checking for joinable pthread attribute
configure:10778: cc -o conftest -g -O2 -pthread   conftest.c  -lm  >&5
configure:10778: $? = 0
configure:10784: result: PTHREAD_CREATE_JOINABLE
configure:10794: checking if more special flags are required for pthreads
configure:10809: result: no
configure:10815: checking for PTHREAD_PRIO_INHERIT
configure:10841: result: yes
configure:10955: checking whether PTHREAD_ONCE_INIT needs braces
configure:10972: cc -c -g -O2  conftest.c >&5
configure:10972: $? = 0
configure:10979: result: no
configure:11004: checking for stdint-types....
configure:11014: result: "(putting them into ./src/libbson/src/bson/bson-stdint.h)"
configure:11028: checking for uintptr_t
configure:11028: cc -c -g -O2  conftest.c >&5
configure:11028: $? = 0
configure:11028: cc -c -g -O2  conftest.c >&5
conftest.c: In function 'main':
conftest.c:22:24: error: expected expression before ')' token
 if (sizeof ((uintptr_t)))
                        ^
configure:11028: $? = 1
configure: failed program was:
| /* confdefs.h */
| #define PACKAGE_NAME ""
| #define PACKAGE_TARNAME ""
| #define PACKAGE_VERSION ""
| #define PACKAGE_STRING ""
| #define PACKAGE_BUGREPORT ""
| #define PACKAGE_URL ""
| #define ACCEPT_ARG2 struct sockaddr
| #define ACCEPT_ARG3 socklen_t
| #define HAVE_TYPEOF 1
| #define HAVE_PTHREAD_PRIO_INHERIT 1
| #define HAVE_PTHREAD 1
| #define COMPILE_DL_MONGODB 1
| #define HAVE_PTHREAD_PRIO_INHERIT 1
| #define HAVE_PTHREAD 1
| /* end confdefs.h.  */
| #include <stdint.h>
| 
| int
| main ()
| {
| if (sizeof ((uintptr_t)))
| 	    return 0;
|   ;
|   return 0;
| }
configure:11028: result: yes
configure:11036: checking for uint64_t
configure:11036: cc -c -g -O2  conftest.c >&5
configure:11036: $? = 0
configure:11036: cc -c -g -O2  conftest.c >&5
conftest.c: In function 'main':
conftest.c:22:23: error: expected expression before ')' token
 if (sizeof ((uint64_t)))
                       ^
configure:11036: $? = 1
configure: failed program was:
| /* confdefs.h */
| #define PACKAGE_NAME ""
| #define PACKAGE_TARNAME ""
| #define PACKAGE_VERSION ""
| #define PACKAGE_STRING ""
| #define PACKAGE_BUGREPORT ""
| #define PACKAGE_URL ""
| #define ACCEPT_ARG2 struct sockaddr
| #define ACCEPT_ARG3 socklen_t
| #define HAVE_TYPEOF 1
| #define HAVE_PTHREAD_PRIO_INHERIT 1
| #define HAVE_PTHREAD 1
| #define COMPILE_DL_MONGODB 1
| #define HAVE_PTHREAD_PRIO_INHERIT 1
| #define HAVE_PTHREAD 1
| /* end confdefs.h.  */
| #include<stdint.h>
| 
| int
| main ()
| {
| if (sizeof ((uint64_t)))
| 	    return 0;
|   ;
|   return 0;
| }
configure:11036: result: yes
configure:11044: result: ... seen our uintptr_t in stdint.h (uint64_t too)
configure:11309: result: creating ./src/libbson/src/bson/bson-stdint.h : ___SRC_LIBBSON_SRC_BSON_BSON_STDINT_H
configure:11336: checking for int_least32_t
configure:11336: cc -c -g -O2  conftest.c >&5
configure:11336: $? = 0
configure:11336: cc -c -g -O2  conftest.c >&5
conftest.c: In function 'main':
conftest.c:22:28: error: expected expression before ')' token
 if (sizeof ((int_least32_t)))
                            ^
configure:11336: $? = 1
configure: failed program was:
| /* confdefs.h */
| #define PACKAGE_NAME ""
| #define PACKAGE_TARNAME ""
| #define PACKAGE_VERSION ""
| #define PACKAGE_STRING ""
| #define PACKAGE_BUGREPORT ""
| #define PACKAGE_URL ""
| #define ACCEPT_ARG2 struct sockaddr
| #define ACCEPT_ARG3 socklen_t
| #define HAVE_TYPEOF 1
| #define HAVE_PTHREAD_PRIO_INHERIT 1
| #define HAVE_PTHREAD 1
| #define COMPILE_DL_MONGODB 1
| #define HAVE_PTHREAD_PRIO_INHERIT 1
| #define HAVE_PTHREAD 1
| /* end confdefs.h.  */
| #include <stdint.h>
| 
| int
| main ()
| {
| if (sizeof ((int_least32_t)))
| 	    return 0;
|   ;
|   return 0;
| }
configure:11336: result: yes
configure:11342: checking for int_fast32_t
configure:11342: cc -c -g -O2  conftest.c >&5
configure:11342: $? = 0
configure:11342: cc -c -g -O2  conftest.c >&5
conftest.c: In function 'main':
conftest.c:22:27: error: expected expression before ')' token
 if (sizeof ((int_fast32_t)))
                           ^
configure:11342: $? = 1
configure: failed program was:
| /* confdefs.h */
| #define PACKAGE_NAME ""
| #define PACKAGE_TARNAME ""
| #define PACKAGE_VERSION ""
| #define PACKAGE_STRING ""
| #define PACKAGE_BUGREPORT ""
| #define PACKAGE_URL ""
| #define ACCEPT_ARG2 struct sockaddr
| #define ACCEPT_ARG3 socklen_t
| #define HAVE_TYPEOF 1
| #define HAVE_PTHREAD_PRIO_INHERIT 1
| #define HAVE_PTHREAD 1
| #define COMPILE_DL_MONGODB 1
| #define HAVE_PTHREAD_PRIO_INHERIT 1
| #define HAVE_PTHREAD 1
| /* end confdefs.h.  */
| #include<stdint.h>
| 
| int
| main ()
| {
| if (sizeof ((int_fast32_t)))
| 	    return 0;
|   ;
|   return 0;
| }
configure:11342: result: yes
configure:11355: result: ..adding include stdint.h
configure:11365: result: ... seen good stdint.h inttypes
configure:11501: result: ... seen good uint64_t
configure:11721: result: ... DONE ./src/libbson/src/bson/bson-stdint.h
configure:11840: checking whether byte ordering is bigendian
configure:11866: cc -o conftest -g -O2   conftest.c -lm  >&5
configure:11866: $? = 0
configure:11866: ./conftest
configure:11866: $? = 1
configure: program exited with status 1
configure: failed program was:
| /* confdefs.h */
| #define PACKAGE_NAME ""
| #define PACKAGE_TARNAME ""
| #define PACKAGE_VERSION ""
| #define PACKAGE_STRING ""
| #define PACKAGE_BUGREPORT ""
| #define PACKAGE_URL ""
| #define ACCEPT_ARG2 struct sockaddr
| #define ACCEPT_ARG3 socklen_t
| #define HAVE_TYPEOF 1
| #define HAVE_PTHREAD_PRIO_INHERIT 1
| #define HAVE_PTHREAD 1
| #define COMPILE_DL_MONGODB 1
| #define HAVE_PTHREAD_PRIO_INHERIT 1
| #define HAVE_PTHREAD 1
| /* end confdefs.h.  */
| 
| int main(void)
| {
|   short one = 1;
|   char *cp = (char *)&one;
| 
|   if (*cp == 0) {
|     return(0);
|   } else {
|     return(1);
|   }
| }
| 
configure:11877: result: no
configure:11887: checking for ANSI C header files
configure:11907: cc -c -g -O2  conftest.c >&5
configure:11907: $? = 0
configure:11980: cc -o conftest -g -O2   conftest.c -lm  >&5
configure:11980: $? = 0
configure:11980: ./conftest
configure:11980: $? = 0
configure:11991: result: yes
configure:12004: checking for sys/types.h
configure:12004: cc -c -g -O2  conftest.c >&5
configure:12004: $? = 0
configure:12004: result: yes
configure:12004: checking for sys/stat.h
configure:12004: cc -c -g -O2  conftest.c >&5
configure:12004: $? = 0
configure:12004: result: yes
configure:12004: checking for stdlib.h
configure:12004: cc -c -g -O2  conftest.c >&5
configure:12004: $? = 0
configure:12004: result: yes
configure:12004: checking for string.h
configure:12004: cc -c -g -O2  conftest.c >&5
configure:12004: $? = 0
configure:12004: result: yes
configure:12004: checking for memory.h
configure:12004: cc -c -g -O2  conftest.c >&5
configure:12004: $? = 0
configure:12004: result: yes
configure:12004: checking for strings.h
configure:12004: cc -c -g -O2  conftest.c >&5
configure:12004: $? = 0
configure:12004: result: yes
configure:12004: checking for inttypes.h
configure:12004: cc -c -g -O2  conftest.c >&5
configure:12004: $? = 0
configure:12004: result: yes
configure:12004: checking for stdint.h
configure:12004: cc -c -g -O2  conftest.c >&5
configure:12004: $? = 0
configure:12004: result: yes
configure:12004: checking for unistd.h
configure:12004: cc -c -g -O2  conftest.c >&5
configure:12004: $? = 0
configure:12004: result: yes
configure:12016: checking for stdbool.h that conforms to C99
configure:12083: cc -c -g -O2  conftest.c >&5
configure:12083: $? = 0
configure:12090: result: yes
configure:12092: checking for _Bool
configure:12092: cc -c -g -O2  conftest.c >&5
configure:12092: $? = 0
configure:12092: cc -c -g -O2  conftest.c >&5
conftest.c: In function 'main':
conftest.c:63:20: error: expected expression before ')' token
 if (sizeof ((_Bool)))
                    ^
configure:12092: $? = 1
configure: failed program was:
| /* confdefs.h */
| #define PACKAGE_NAME ""
| #define PACKAGE_TARNAME ""
| #define PACKAGE_VERSION ""
| #define PACKAGE_STRING ""
| #define PACKAGE_BUGREPORT ""
| #define PACKAGE_URL ""
| #define ACCEPT_ARG2 struct sockaddr
| #define ACCEPT_ARG3 socklen_t
| #define HAVE_TYPEOF 1
| #define HAVE_PTHREAD_PRIO_INHERIT 1
| #define HAVE_PTHREAD 1
| #define COMPILE_DL_MONGODB 1
| #define HAVE_PTHREAD_PRIO_INHERIT 1
| #define HAVE_PTHREAD 1
| #define STDC_HEADERS 1
| #define HAVE_SYS_TYPES_H 1
| #define HAVE_SYS_STAT_H 1
| #define HAVE_STDLIB_H 1
| #define HAVE_STRING_H 1
| #define HAVE_MEMORY_H 1
| #define HAVE_STRINGS_H 1
| #define HAVE_INTTYPES_H 1
| #define HAVE_STDINT_H 1
| #define HAVE_UNISTD_H 1
| /* end confdefs.h.  */
| #include <stdio.h>
| #ifdef HAVE_SYS_TYPES_H
| # include <sys/types.h>
| #endif
| #ifdef HAVE_SYS_STAT_H
| # include <sys/stat.h>
| #endif
| #ifdef STDC_HEADERS
| # include <stdlib.h>
| # include <stddef.h>
| #else
| # ifdef HAVE_STDLIB_H
| #  include <stdlib.h>
| # endif
| #endif
| #ifdef HAVE_STRING_H
| # if !defined STDC_HEADERS && defined HAVE_MEMORY_H
| #  include <memory.h>
| # endif
| # include <string.h>
| #endif
| #ifdef HAVE_STRINGS_H
| # include <strings.h>
| #endif
| #ifdef HAVE_INTTYPES_H
| # include <inttypes.h>
| #endif
| #ifdef HAVE_STDINT_H
| # include <stdint.h>
| #endif
| #ifdef HAVE_UNISTD_H
| # include <unistd.h>
| #endif
| int
| main ()
| {
| if (sizeof ((_Bool)))
| 	    return 0;
|   ;
|   return 0;
| }
configure:12092: result: yes
configure:12129: checking for clock_gettime
configure:12143: cc -o conftest -g -O2   conftest.c -lm  >&5
configure:12143: $? = 0
configure:12146: result: yes
configure:12198: checking for strnlen
configure:12198: cc -o conftest -g -O2   conftest.c -lm  >&5
configure:12198: $? = 0
configure:12198: result: yes
configure:12213: checking for snprintf
configure:12213: result: yes
configure:12256: Current version (from VERSION_CURRENT file): 1.8.2
configure:12435: creating ./config.status

## ---------------------- ##
## Running config.status. ##
## ---------------------- ##

This file was extended by config.status, which was
generated by GNU Autoconf 2.69.  Invocation command line was

  CONFIG_FILES    = 
  CONFIG_HEADERS  = 
  CONFIG_LINKS    = 
  CONFIG_COMMANDS = 
  $ ./config.status 

on 65b0c56bfa9e

config.status:829: creating ./src/libmongoc/src/mongoc/mongoc-config.h
configure:13592: creating ./config.status

## ---------------------- ##
## Running config.status. ##
## ---------------------- ##

This file was extended by config.status, which was
generated by GNU Autoconf 2.69.  Invocation command line was

  CONFIG_FILES    = 
  CONFIG_HEADERS  = 
  CONFIG_LINKS    = 
  CONFIG_COMMANDS = 
  $ ./config.status 

on 65b0c56bfa9e

config.status:830: creating ./src/libmongoc/src/mongoc/mongoc-config.h
config.status:830: creating ./src/libmongoc/src/mongoc/mongoc-version.h
configure:14627: Current version (from VERSION_CURRENT file): 1.8.2
configure:14802: creating ./config.status

## ---------------------- ##
## Running config.status. ##
## ---------------------- ##

This file was extended by config.status, which was
generated by GNU Autoconf 2.69.  Invocation command line was

  CONFIG_FILES    = 
  CONFIG_HEADERS  = 
  CONFIG_LINKS    = 
  CONFIG_COMMANDS = 
  $ ./config.status 

on 65b0c56bfa9e

config.status:831: creating ./src/libmongoc/src/mongoc/mongoc-config.h
config.status:831: creating ./src/libmongoc/src/mongoc/mongoc-version.h
config.status:831: creating ./src/libbson/src/bson/bson-config.h
configure:15961: creating ./config.status

## ---------------------- ##
## Running config.status. ##
## ---------------------- ##

This file was extended by config.status, which was
generated by GNU Autoconf 2.69.  Invocation command line was

  CONFIG_FILES    = 
  CONFIG_HEADERS  = 
  CONFIG_LINKS    = 
  CONFIG_COMMANDS = 
  $ ./config.status 

on 65b0c56bfa9e

config.status:832: creating ./src/libmongoc/src/mongoc/mongoc-config.h
config.status:832: creating ./src/libmongoc/src/mongoc/mongoc-version.h
config.status:832: creating ./src/libbson/src/bson/bson-config.h
config.status:832: creating ./src/libbson/src/bson/bson-version.h
configure:17075: checking for ld used by cc
configure:17142: result: /usr/bin/ld
configure:17149: checking if the linker (/usr/bin/ld) is GNU ld
configure:17164: result: yes
configure:17169: checking for /usr/bin/ld option to reload object files
configure:17176: result: -r
configure:17194: checking for BSD-compatible nm
configure:17243: result: /usr/bin/nm -B
configure:17247: checking whether ln -s works
configure:17251: result: yes
configure:17258: checking how to recognize dependent libraries
configure:17444: result: pass_all
configure:17529: cc -c -g -O2  conftest.c >&5
configure:17532: $? = 0
configure:17664: checking dlfcn.h usability
configure:17664: cc -c -g -O2  conftest.c >&5
configure:17664: $? = 0
configure:17664: result: yes
configure:17664: checking dlfcn.h presence
configure:17664: cc -E  conftest.c
configure:17664: $? = 0
configure:17664: result: yes
configure:17664: checking for dlfcn.h
configure:17664: result: yes
configure:17685: checking the maximum length of command line arguments
configure:17797: result: 1572864
configure:17809: checking command to parse /usr/bin/nm -B output from cc object
configure:17914: cc -c -g -O2  conftest.c >&5
configure:17917: $? = 0
configure:17921: /usr/bin/nm -B conftest.o \| sed -n -e 's/^.*[ 	]\([ABCDGIRSTW][ABCDGIRSTW]*\)[ 	][ 	]*\([_A-Za-z][_A-Za-z0-9]*\)$/\1 \2 \2/p' \> conftest.nm
configure:17924: $? = 0
configure:17976: cc -o conftest -g -O2   conftest.c conftstm.o >&5
configure:17979: $? = 0
configure:18017: result: ok
configure:18021: checking for objdir
configure:18036: result: .libs
configure:18128: checking for ar
configure:18144: found /usr/bin/ar
configure:18155: result: ar
configure:18220: checking for ranlib
configure:18236: found /usr/bin/ranlib
configure:18247: result: ranlib
configure:18312: checking for strip
configure:18328: found /usr/bin/strip
configure:18339: result: strip
configure:18908: checking if cc supports -fno-rtti -fno-exceptions
configure:18926: cc -c -g -O2  -fno-rtti -fno-exceptions conftest.c >&5
cc1: warning: command line option '-fno-rtti' is valid for C++/ObjC++ but not for C [enabled by default]
configure:18930: $? = 0
configure:18943: result: no
configure:18958: checking for cc option to produce PIC
configure:19198: result: -fPIC
configure:19206: checking if cc PIC flag -fPIC works
configure:19224: cc -c -g -O2  -fPIC -DPIC conftest.c >&5
configure:19228: $? = 0
configure:19241: result: yes
configure:19269: checking if cc static flag -static works
configure:19297: result: no
configure:19307: checking if cc supports -c -o file.o
configure:19328: cc -c -g -O2  -o out/conftest2.o conftest.c >&5
configure:19332: $? = 0
configure:19354: result: yes
configure:19380: checking whether the cc linker (/usr/bin/ld -m elf_x86_64) supports shared libraries
configure:20308: result: yes
configure:20329: checking whether -lc should be explicitly linked in
configure:20334: cc -c -g -O2  conftest.c >&5
configure:20337: $? = 0
configure:20352: cc -shared conftest.o  -v -Wl,-soname -Wl,conftest -o conftest 2\>\&1 \| grep  -lc  \>/dev/null 2\>\&1
configure:20355: $? = 0
configure:20367: result: no
configure:20375: checking dynamic linker characteristics
configure:20973: result: GNU/Linux ld.so
configure:20997: checking how to hardcode library paths into programs
configure:21022: result: immediate
configure:21036: checking whether stripping libraries is possible
configure:21041: result: yes
configure:21558: checking if libtool supports shared libraries
configure:21560: result: yes
configure:21563: checking whether to build shared libraries
configure:21584: result: yes
configure:21587: checking whether to build static libraries
configure:21591: result: no
configure:21686: result:
creating libtool
configure:22277: checking for ld used by g++
configure:22344: result: /usr/bin/ld -m elf_x86_64
configure:22351: checking if the linker (/usr/bin/ld -m elf_x86_64) is GNU ld
configure:22366: result: yes
configure:22417: checking whether the g++ linker (/usr/bin/ld -m elf_x86_64) supports shared libraries
configure:23315: result: yes
configure:23336: g++ -c   conftest.cpp >&5
configure:23339: $? = 0
configure:23495: checking for g++ option to produce PIC
configure:23785: result: -fPIC
configure:23793: checking if g++ PIC flag -fPIC works
configure:23811: g++ -c   -fPIC -DPIC conftest.cpp >&5
configure:23815: $? = 0
configure:23828: result: yes
configure:23856: checking if g++ static flag -static works
configure:23884: result: no
configure:23894: checking if g++ supports -c -o file.o
configure:23915: g++ -c   -o out/conftest2.o conftest.cpp >&5
configure:23919: $? = 0
configure:23941: result: yes
configure:23967: checking whether the g++ linker (/usr/bin/ld -m elf_x86_64) supports shared libraries
configure:23993: result: yes
configure:24060: checking dynamic linker characteristics
configure:24606: result: GNU/Linux ld.so
configure:24630: checking how to hardcode library paths into programs
configure:24655: result: immediate
configure:25385: creating ./config.status

## ---------------------- ##
## Running config.status. ##
## ---------------------- ##

This file was extended by config.status, which was
generated by GNU Autoconf 2.69.  Invocation command line was

  CONFIG_FILES    = 
  CONFIG_HEADERS  = 
  CONFIG_LINKS    = 
  CONFIG_COMMANDS = 
  $ ./config.status 

on 65b0c56bfa9e

config.status:916: creating ./src/libmongoc/src/mongoc/mongoc-config.h
config.status:916: creating ./src/libmongoc/src/mongoc/mongoc-version.h
config.status:916: creating ./src/libbson/src/bson/bson-config.h
config.status:916: creating ./src/libbson/src/bson/bson-version.h
config.status:916: creating config.h

## ---------------- ##
## Cache variables. ##
## ---------------- ##

ac_cv_build=x86_64-unknown-linux-gnu
ac_cv_c_bigendian_php=no
ac_cv_c_compiler_gnu=yes
ac_cv_c_const=yes
ac_cv_c_inline=inline
ac_cv_c_typeof=typeof
ac_cv_cxx_compiler_gnu=yes
ac_cv_env_CCC_set=
ac_cv_env_CCC_value=
ac_cv_env_CC_set=
ac_cv_env_CC_value=
ac_cv_env_CFLAGS_set=
ac_cv_env_CFLAGS_value=
ac_cv_env_CPPFLAGS_set=
ac_cv_env_CPPFLAGS_value=
ac_cv_env_CPP_set=
ac_cv_env_CPP_value=
ac_cv_env_CXXFLAGS_set=
ac_cv_env_CXXFLAGS_value=
ac_cv_env_CXX_set=
ac_cv_env_CXX_value=
ac_cv_env_LDFLAGS_set=
ac_cv_env_LDFLAGS_value=
ac_cv_env_LIBS_set=
ac_cv_env_LIBS_value=
ac_cv_env_build_alias_set=
ac_cv_env_build_alias_value=
ac_cv_env_host_alias_set=
ac_cv_env_host_alias_value=
ac_cv_env_target_alias_set=
ac_cv_env_target_alias_value=
ac_cv_func_gmtime_r=yes
ac_cv_func_shm_open=no
ac_cv_func_snprintf=yes
ac_cv_func_strnlen=yes
ac_cv_header_dlfcn_h=yes
ac_cv_header_inttypes_h=yes
ac_cv_header_memory_h=yes
ac_cv_header_stdbool_h=yes
ac_cv_header_stdc=yes
ac_cv_header_stdint=stdint.h
ac_cv_header_stdint_h=yes
ac_cv_header_stdint_o=no-file
ac_cv_header_stdint_test=no
ac_cv_header_stdint_u=no-file
ac_cv_header_stdint_x=stdint.h
ac_cv_header_stdlib_h=yes
ac_cv_header_string_h=yes
ac_cv_header_strings_h=yes
ac_cv_header_sys_stat_h=yes
ac_cv_header_sys_types_h=yes
ac_cv_header_unistd_h=yes
ac_cv_host=x86_64-unknown-linux-gnu
ac_cv_lib_rt_shm_open=yes
ac_cv_lib_sasl2_sasl_client_done=yes
ac_cv_lib_sasl2_sasl_version=yes
ac_cv_objext=o
ac_cv_path_EGREP='/usr/bin/grep -E'
ac_cv_path_GREP=/usr/bin/grep
ac_cv_path_PKG_CONFIG=/usr/bin/pkg-config
ac_cv_prog_AWK=gawk
ac_cv_prog_CPP='cc -E'
ac_cv_prog_ac_ct_AR=ar
ac_cv_prog_ac_ct_CC=cc
ac_cv_prog_ac_ct_CXX=g++
ac_cv_prog_ac_ct_RANLIB=ranlib
ac_cv_prog_ac_ct_STRIP=strip
ac_cv_prog_cc_c89=
ac_cv_prog_cc_cc_c_o=yes
ac_cv_prog_cc_g=yes
ac_cv_prog_cxx_g=yes
ac_cv_search_clock_gettime='none required'
ac_cv_search_floor=-lm
ac_cv_sizeof_X=::::
ac_cv_sizeof_x=:
ac_cv_target=x86_64-unknown-linux-gnu
ac_cv_type__Bool=yes
ac_cv_type_int_fast32_t=yes
ac_cv_type_int_least32_t=yes
ac_cv_type_socklen_t=yes
ac_cv_type_struct_timespec=yes
ac_cv_type_uint64_t=yes
ac_cv_type_uintptr_t=yes
ax_cv_PTHREAD_PRIO_INHERIT=yes
bson_cv_have_reallocf=no
bson_cv_have_strnlen=yes
bson_cv_have_sys_gettid_tid=yes
bson_cv_have_syscall_tid=yes
bson_cv_need_braces_on_pthread_once_init=no
lt_cv_deplibs_check_method=pass_all
lt_cv_file_magic_cmd='$MAGIC_CMD'
lt_cv_file_magic_test_file=
lt_cv_ld_reload_flag=-r
lt_cv_objdir=.libs
lt_cv_path_LD=/usr/bin/ld
lt_cv_path_LDCXX='/usr/bin/ld -m elf_x86_64'
lt_cv_path_NM='/usr/bin/nm -B'
lt_cv_path_SED=/usr/bin/sed
lt_cv_prog_compiler_c_o=yes
lt_cv_prog_compiler_c_o_CXX=yes
lt_cv_prog_compiler_pic_works=yes
lt_cv_prog_compiler_pic_works_CXX=yes
lt_cv_prog_compiler_rtti_exceptions=no
lt_cv_prog_compiler_static_works=no
lt_cv_prog_compiler_static_works_CXX=no
lt_cv_prog_gnu_ld=yes
lt_cv_prog_gnu_ldcxx=yes
lt_cv_sys_global_symbol_pipe='sed -n -e '\''s/^.*[ 	]\([ABCDGIRSTW][ABCDGIRSTW]*\)[ 	][ 	]*\([_A-Za-z][_A-Za-z0-9]*\)$/\1 \2 \2/p'\'''
lt_cv_sys_global_symbol_to_c_name_address='sed -n -e '\''s/^: \([^ ]*\) $/  {\"\1\", (lt_ptr) 0},/p'\'' -e '\''s/^[BCDEGRST] \([^ ]*\) \([^ ]*\)$/  {"\2", (lt_ptr) \&\2},/p'\'''
lt_cv_sys_global_symbol_to_cdecl='sed -n -e '\''s/^. .* \(.*\)$/extern int \1;/p'\'''
lt_cv_sys_lib_dlsearch_path_spec='/lib /usr/lib '
lt_cv_sys_lib_search_path_spec='/usr/lib/gcc/x86_64-redhat-linux/4.8.5 /usr/lib64 /lib64'
lt_cv_sys_max_cmd_len=1572864
lt_lt_cv_prog_compiler_c_o='"yes"'
lt_lt_cv_prog_compiler_c_o_CXX='"yes"'
lt_lt_cv_sys_global_symbol_pipe='"sed -n -e '\''s/^.*[ 	]\\([ABCDGIRSTW][ABCDGIRSTW]*\\)[ 	][ 	]*\\([_A-Za-z][_A-Za-z0-9]*\\)\$/\\1 \\2 \\2/p'\''"'
lt_lt_cv_sys_global_symbol_to_c_name_address='"sed -n -e '\''s/^: \\([^ ]*\\) \$/  {\\\"\\1\\\", (lt_ptr) 0},/p'\'' -e '\''s/^[BCDEGRST] \\([^ ]*\\) \\([^ ]*\\)\$/  {\"\\2\", (lt_ptr) \\&\\2},/p'\''"'
lt_lt_cv_sys_global_symbol_to_cdecl='"sed -n -e '\''s/^. .* \\(.*\\)\$/extern int \\1;/p'\''"'
php_cv_cc_dashr=no
php_cv_cc_rpath=yes

## ----------------- ##
## Output variables. ##
## ----------------- ##

ACCEPT_ARG2='struct sockaddr'
ACCEPT_ARG3='socklen_t'
AR='ar'
AWK='gawk'
BSON_API_VERSION='1.0'
BSON_BYTE_ORDER='1234'
BSON_EXTRA_ALIGN='0'
BSON_HAVE_ATOMIC_32_ADD_AND_FETCH='1'
BSON_HAVE_ATOMIC_64_ADD_AND_FETCH='1'
BSON_HAVE_CLOCK_GETTIME='1'
BSON_HAVE_DECIMAL128='0'
BSON_HAVE_GMTIME_R='1'
BSON_HAVE_REALLOCF='0'
BSON_HAVE_SNPRINTF='1'
BSON_HAVE_STDBOOL_H='1'
BSON_HAVE_STRNLEN='1'
BSON_HAVE_SYSCALL_TID='1'
BSON_HAVE_TIMESPEC='1'
BSON_MAJOR_VERSION='1'
BSON_MICRO_VERSION='2'
BSON_MINOR_VERSION='8'
BSON_OS='1'
BSON_PRERELEASE_VERSION=''
BSON_PTHREAD_ONCE_INIT_NEEDS_BRACES='0'
BSON_RELEASED_MAJOR_VERSION='1'
BSON_RELEASED_MICRO_VERSION='2'
BSON_RELEASED_MINOR_VERSION='8'
BSON_RELEASED_PRERELEASE_VERSION=''
BSON_RELEASED_VERSION='1.8.2'
BSON_VERSION='1.8.2'
CC='cc'
CFLAGS='-g -O2'
CONFIGURE_COMMAND=' '\''./configure'\'' '
CONFIGURE_OPTIONS=''
CPP='cc -E'
CPPFLAGS=' -DHAVE_CONFIG_H'
CXX='g++'
CXXFLAGS=''
DEFS='-DHAVE_CONFIG_H'
DSYMUTIL=''
ECHO='echo'
ECHO_C=''
ECHO_N='-n'
ECHO_T=''
EGREP='/usr/bin/grep -E'
EXEEXT=''
GREP='/usr/bin/grep'
LDFLAGS=''
LIBC_FEATURES='-D_GNU_SOURCE'
LIBOBJS=''
LIBS='-lm '
LIBTOOL='$(SHELL) $(top_builddir)/libtool'
LN_S='ln -s'
LTLIBOBJS=''
MONGOC_API_VERSION='1.0'
MONGOC_CC='cc'
MONGOC_ENABLE_COMPRESSION='0'
MONGOC_ENABLE_COMPRESSION_SNAPPY='0'
MONGOC_ENABLE_COMPRESSION_ZLIB='0'
MONGOC_ENABLE_CRYPTO='1'
MONGOC_ENABLE_CRYPTO_CNG='0'
MONGOC_ENABLE_CRYPTO_COMMON_CRYPTO='0'
MONGOC_ENABLE_CRYPTO_LIBCRYPTO='1'
MONGOC_ENABLE_CRYPTO_SYSTEM_PROFILE='0'
MONGOC_ENABLE_SASL='1'
MONGOC_ENABLE_SASL_CYRUS='1'
MONGOC_ENABLE_SASL_GSSAPI='0'
MONGOC_ENABLE_SASL_SSPI='0'
MONGOC_ENABLE_SSL='1'
MONGOC_ENABLE_SSL_LIBRESSL='0'
MONGOC_ENABLE_SSL_OPENSSL='1'
MONGOC_ENABLE_SSL_SECURE_CHANNEL='0'
MONGOC_ENABLE_SSL_SECURE_TRANSPORT='0'
MONGOC_HAVE_ASN1_STRING_GET0_DATA='0'
MONGOC_HAVE_SASL_CLIENT_DONE='1'
MONGOC_HAVE_SOCKLEN='1'
MONGOC_HAVE_WEAK_SYMBOLS='1'
MONGOC_MAJOR_VERSION='1'
MONGOC_MICRO_VERSION='2'
MONGOC_MINOR_VERSION='8'
MONGOC_NO_AUTOMATIC_GLOBALS='1'
MONGOC_PRERELEASE_VERSION=''
MONGOC_RELEASED_MAJOR_VERSION='1'
MONGOC_RELEASED_MICRO_VERSION='2'
MONGOC_RELEASED_MINOR_VERSION='8'
MONGOC_RELEASED_PRERELEASE_VERSION=''
MONGOC_RELEASED_VERSION='1.8.2'
MONGOC_SOCKET_ARG2='struct sockaddr'
MONGOC_SOCKET_ARG3='socklen_t'
MONGOC_USER_SET_CFLAGS='-g -O2'
MONGOC_USER_SET_LDFLAGS=''
MONGOC_VERSION='1.8.2'
NMEDIT=''
OBJEXT='o'
OPENSSL_INCDIR_OPT='-I/usr/include'
PACKAGE_BUGREPORT=''
PACKAGE_NAME=''
PACKAGE_STRING=''
PACKAGE_TARNAME=''
PACKAGE_URL=''
PACKAGE_VERSION=''
PATH_SEPARATOR=':'
PKG_CONFIG='/usr/bin/pkg-config'
PTHREAD_CC='cc'
PTHREAD_CFLAGS='-pthread'
PTHREAD_LIBS=''
RANLIB='ranlib'
RE2C='exit 0;'
SED='/usr/bin/sed'
SHELL='/bin/sh'
SHLIB_DL_SUFFIX_NAME='so'
SHLIB_SUFFIX_NAME='so'
SOCKET_CFLAGS=''
SOCKET_LDFLAGS=''
STRIP='strip'
ac_ct_CC='cc'
ac_ct_CXX='g++'
ax_pthread_config=''
bindir='${exec_prefix}/bin'
build='x86_64-unknown-linux-gnu'
build_alias=''
build_cpu='x86_64'
build_os='linux-gnu'
build_vendor='unknown'
datadir='${datarootdir}'
datarootdir='${prefix}/share'
docdir='${datarootdir}/doc/${PACKAGE}'
dvidir='${docdir}'
exec_prefix='${prefix}'
host='x86_64-unknown-linux-gnu'
host_alias='x86_64-unknown-linux-gnu'
host_cpu='x86_64'
host_os='linux-gnu'
host_vendor='unknown'
htmldir='${docdir}'
includedir='${prefix}/include'
infodir='${datarootdir}/info'
libdir='${exec_prefix}/lib'
libexecdir='${exec_prefix}/libexec'
localedir='${datarootdir}/locale'
localstatedir='${prefix}/var'
mandir='${datarootdir}/man'
oldincludedir='/usr/include'
pdfdir='${docdir}'
prefix='/usr/local/php'
program_transform_name='s,x,x,'
psdir='${docdir}'
sbindir='${exec_prefix}/sbin'
sharedstatedir='${prefix}/com'
sysconfdir='${prefix}/etc'
target='x86_64-unknown-linux-gnu'
target_alias=''
target_cpu='x86_64'
target_os='linux-gnu'
target_vendor='unknown'

## ----------- ##
## confdefs.h. ##
## ----------- ##

/* confdefs.h */
#define PACKAGE_NAME ""
#define PACKAGE_TARNAME ""
#define PACKAGE_VERSION ""
#define PACKAGE_STRING ""
#define PACKAGE_BUGREPORT ""
#define PACKAGE_URL ""
#define ACCEPT_ARG2 struct sockaddr
#define ACCEPT_ARG3 socklen_t
#define HAVE_TYPEOF 1
#define HAVE_PTHREAD_PRIO_INHERIT 1
#define HAVE_PTHREAD 1
#define COMPILE_DL_MONGODB 1
#define HAVE_PTHREAD_PRIO_INHERIT 1
#define HAVE_PTHREAD 1
#define STDC_HEADERS 1
#define HAVE_SYS_TYPES_H 1
#define HAVE_SYS_STAT_H 1
#define HAVE_STDLIB_H 1
#define HAVE_STRING_H 1
#define HAVE_MEMORY_H 1
#define HAVE_STRINGS_H 1
#define HAVE_INTTYPES_H 1
#define HAVE_STDINT_H 1
#define HAVE_UNISTD_H 1
#define HAVE__BOOL 1
#define HAVE_STDBOOL_H 1
#define HAVE_DLFCN_H 1

configure: exit 0
